Using pre-set license
Built from '2020.3/staging' branch; Version is '2020.3.30f1 (1fb1bf06830e) revision 2077119'; Using compiler version '192528614'; Build Type 'Release'
OS: 'Windows 10  (10.0.19043) 64bit Core' Language: 'en' Physical Memory: 16226 MB
BatchMode: 1, IsHumanControllingUs: 0, StartBugReporterOnCrash: 0, Is64bit: 1, IsPro: 0

COMMAND LINE ARGUMENTS:
C:\Program Files\Unity\Hub\Editor\2020.3.30f1\Editor\Unity.exe
-adb2
-batchMode
-noUpm
-name
AssetImportWorker0
-projectPath
C:/Users/Mustapha/Desktop/github_projet_.net/Projet_PIXIS.net/Jeu/JEU PROJET
-logFile
Logs/AssetImportWorker0.log
-srvPort
60198
Successfully changed project path to: C:/Users/Mustapha/Desktop/github_projet_.net/Projet_PIXIS.net/Jeu/JEU PROJET
C:/Users/Mustapha/Desktop/github_projet_.net/Projet_PIXIS.net/Jeu/JEU PROJET
Using Asset Import Pipeline V2.
Refreshing native plugins compatible for Editor in 70.38 ms, found 3 plugins.
Preloading 0 native plugins for Editor in 0.00 ms.
Initialize engine version: 2020.3.30f1 (1fb1bf06830e)
[Subsystems] Discovering subsystems at path C:/Program Files/Unity/Hub/Editor/2020.3.30f1/Editor/Data/Resources/UnitySubsystems
[Subsystems] Discovering subsystems at path C:/Users/Mustapha/Desktop/github_projet_.net/Projet_PIXIS.net/Jeu/JEU PROJET/Assets
GfxDevice: creating device client; threaded=0
Direct3D:
    Version:  Direct3D 11.0 [level 11.1]
    Renderer: NVIDIA GeForce GTX 1650 (ID=0x1f91)
    Vendor:   
    VRAM:     3962 MB
    Driver:   30.0.14.9649
Initialize mono
Mono path[0] = 'C:/Program Files/Unity/Hub/Editor/2020.3.30f1/Editor/Data/Managed'
Mono path[1] = 'C:/Program Files/Unity/Hub/Editor/2020.3.30f1/Editor/Data/MonoBleedingEdge/lib/mono/unityjit'
Mono config path = 'C:/Program Files/Unity/Hub/Editor/2020.3.30f1/Editor/Data/MonoBleedingEdge/etc'
Using monoOptions --debugger-agent=transport=dt_socket,embedding=1,server=y,suspend=n,address=127.0.0.1:56640
Begin MonoManager ReloadAssembly
Registering precompiled unity dll's ...
Register platform support module: C:/Program Files/Unity/Hub/Editor/2020.3.30f1/Editor/Data/PlaybackEngines/WebGLSupport/UnityEditor.WebGL.Extensions.dll
Register platform support module: C:/Program Files/Unity/Hub/Editor/2020.3.30f1/Editor/Data/PlaybackEngines/WindowsStandaloneSupport/UnityEditor.WindowsStandalone.Extensions.dll
Registered in 0.003306 seconds.
Native extension for WindowsStandalone target not found
Native extension for WebGL target not found
Refreshing native plugins compatible for Editor in 61.79 ms, found 3 plugins.
Preloading 0 native plugins for Editor in 0.00 ms.
Mono: successfully reloaded assembly
- Completed reload, in  0.756 seconds
Domain Reload Profiling:
	ReloadAssembly (756ms)
		BeginReloadAssembly (84ms)
			ExecutionOrderSort (0ms)
			DisableScriptedObjects (0ms)
			BackupInstance (0ms)
			ReleaseScriptingObjects (0ms)
			CreateAndSetChildDomain (1ms)
		EndReloadAssembly (581ms)
			LoadAssemblies (81ms)
			RebuildTransferFunctionScriptingTraits (0ms)
			SetupTypeCache (196ms)
			ReleaseScriptCaches (0ms)
			RebuildScriptCaches (39ms)
			SetupLoadedEditorAssemblies (225ms)
				LogAssemblyErrors (0ms)
				InitializePlatformSupportModulesInManaged (6ms)
				SetLoadedEditorAssemblies (0ms)
				RefreshPlugins (62ms)
				BeforeProcessingInitializeOnLoad (20ms)
				ProcessInitializeOnLoadAttributes (104ms)
				ProcessInitializeOnLoadMethodAttributes (34ms)
				AfterProcessingInitializeOnLoad (0ms)
				EditorAssembliesLoaded (0ms)
			ExecutionOrderSort2 (0ms)
			AwakeInstancesAfterBackupRestoration (0ms)
Platform modules already initialized, skipping
Registering precompiled user dll's ...
Registered in 0.004881 seconds.
Begin MonoManager ReloadAssembly
Native extension for WindowsStandalone target not found
Native extension for WebGL target not found
Refreshing native plugins compatible for Editor in 61.01 ms, found 3 plugins.
Preloading 0 native plugins for Editor in 0.00 ms.
Mono: successfully reloaded assembly
- Completed reload, in  1.424 seconds
Domain Reload Profiling:
	ReloadAssembly (1426ms)
		BeginReloadAssembly (207ms)
			ExecutionOrderSort (0ms)
			DisableScriptedObjects (6ms)
			BackupInstance (0ms)
			ReleaseScriptingObjects (0ms)
			CreateAndSetChildDomain (24ms)
		EndReloadAssembly (1135ms)
			LoadAssemblies (138ms)
			RebuildTransferFunctionScriptingTraits (0ms)
			SetupTypeCache (368ms)
			ReleaseScriptCaches (0ms)
			RebuildScriptCaches (58ms)
			SetupLoadedEditorAssemblies (445ms)
				LogAssemblyErrors (0ms)
				InitializePlatformSupportModulesInManaged (5ms)
				SetLoadedEditorAssemblies (0ms)
				RefreshPlugins (61ms)
				BeforeProcessingInitializeOnLoad (109ms)
				ProcessInitializeOnLoadAttributes (241ms)
				ProcessInitializeOnLoadMethodAttributes (19ms)
				AfterProcessingInitializeOnLoad (9ms)
				EditorAssembliesLoaded (0ms)
			ExecutionOrderSort2 (0ms)
			AwakeInstancesAfterBackupRestoration (8ms)
Platform modules already initialized, skipping
========================================================================
Worker process is ready to serve import requests
Launched and connected shader compiler UnityShaderCompiler.exe after 0.07 seconds
Refreshing native plugins compatible for Editor in 0.69 ms, found 3 plugins.
Preloading 0 native plugins for Editor in 0.00 ms.
Unloading 2197 Unused Serialized files (Serialized files now loaded: 0)
System memory in use before: 97.0 MB.
System memory in use after: 96.9 MB.

Unloading 31 unused Assets to reduce memory usage. Loaded Objects now: 2630.
Total: 3.813600 ms (FindLiveObjects: 0.187300 ms CreateObjectMapping: 0.102000 ms MarkObjects: 3.263300 ms  DeleteObjects: 0.260000 ms)

AssetImportParameters requested are different than current active one (requested -> active):
  custom:framework-win-MediaFoundation: 216162199b28c13a410421893ffa2e32 -> 
  custom:video-decoder-ogg-theora: a1e56fd34408186e4bbccfd4996cb3dc -> 
  custom:container-muxer-webm: aa71ff27fc2769a1b78a27578f13a17b -> 
  custom:container-demuxer-webm: 4f35f7cbe854078d1ac9338744f61a02 -> 
  custom:container-demuxer-ogg: 62fdf1f143b41e24485cea50d1cbac27 -> 
  custom:video-encoder-webm-vp8: eb34c28f22e8b96e1ab97ce403110664 -> 
  custom:video-decoder-webm-vp8: 9c59270c3fd7afecdb556c50c9e8de78 -> 
  custom:audio-decoder-ogg-vorbis: bf7c407c2cedff20999df2af8eb42d56 -> 
  custom:audio-encoder-webm-vorbis: bf7c407c2cedff20999df2af8eb42d56 -> 
========================================================================
Received Import Request.
  path: Assets/Scripts
  artifactKey: Guid(9196d082968d0f348b9061758a0493bb) Importer(815301076,1909f56bfc062723c751e8b465ee728b)
Start importing Assets/Scripts using Guid(9196d082968d0f348b9061758a0493bb) Importer(815301076,1909f56bfc062723c751e8b465ee728b)  -> (artifact id: '0d26a45a537a6bcb9780ecf677657440') in 0.010477 seconds 
========================================================================
Received Import Request.
  Time since last request: 0.000292 seconds.
  path: Assets/Sprites/image-asset.gif
  artifactKey: Guid(203410df07b728d42ab994cb2b19b005) Importer(815301076,1909f56bfc062723c751e8b465ee728b)
Start importing Assets/Sprites/image-asset.gif using Guid(203410df07b728d42ab994cb2b19b005) Importer(815301076,1909f56bfc062723c751e8b465ee728b)  -> (artifact id: '6a43d7336fa3079b32a94d73a2e8f2b7') in 0.157105 seconds 
========================================================================
Received Import Request.
  Time since last request: 0.000344 seconds.
  path: Assets/Sprites
  artifactKey: Guid(649740dacca0e2246b73342908d96018) Importer(815301076,1909f56bfc062723c751e8b465ee728b)
Start importing Assets/Sprites using Guid(649740dacca0e2246b73342908d96018) Importer(815301076,1909f56bfc062723c751e8b465ee728b)  -> (artifact id: '5e9a3fc0f119fc197d4ece34720a7f8a') in 0.007095 seconds 
========================================================================
Received Import Request.
  Time since last request: 3.743697 seconds.
  path: Assets/Sprites/characters
  artifactKey: Guid(1722d5358239f3344ad02435d76bf323) Importer(815301076,1909f56bfc062723c751e8b465ee728b)
Start importing Assets/Sprites/characters using Guid(1722d5358239f3344ad02435d76bf323) Importer(815301076,1909f56bfc062723c751e8b465ee728b)  -> (artifact id: 'a60584706655b20cad24916cfc329d20') in 0.018374 seconds 
========================================================================
Received Import Request.
  Time since last request: 1.417077 seconds.
  path: Assets/a classer/Cainos
  artifactKey: Guid(212cd2be4bbc2df4bba108e3b74a5b92) Importer(815301076,1909f56bfc062723c751e8b465ee728b)
Start importing Assets/a classer/Cainos using Guid(212cd2be4bbc2df4bba108e3b74a5b92) Importer(815301076,1909f56bfc062723c751e8b465ee728b)  -> (artifact id: 'acfd1997426726f0ff3403a9a64881c5') in 0.009747 seconds 
========================================================================
Received Import Request.
  Time since last request: 0.593594 seconds.
  path: Assets/a classer/Free 2D Adventure Beach Pack
  artifactKey: Guid(733f436aea2b3fa4b928c7004b2ad692) Importer(815301076,1909f56bfc062723c751e8b465ee728b)
Start importing Assets/a classer/Free 2D Adventure Beach Pack using Guid(733f436aea2b3fa4b928c7004b2ad692) Importer(815301076,1909f56bfc062723c751e8b465ee728b)  -> (artifact id: '8cd03208458df483bfd3384dffbfac46') in 0.007184 seconds 
========================================================================
Received Import Request.
  Time since last request: 1.054525 seconds.
  path: Assets/a classer/Medieval_pixel_art_asset_FREE
  artifactKey: Guid(5c4e65ff74fc96a4a9f696ecb7525b23) Importer(815301076,1909f56bfc062723c751e8b465ee728b)
Start importing Assets/a classer/Medieval_pixel_art_asset_FREE using Guid(5c4e65ff74fc96a4a9f696ecb7525b23) Importer(815301076,1909f56bfc062723c751e8b465ee728b)  -> (artifact id: 'f152291561ab80d4abd74a41cbbca6ce') in 0.010050 seconds 
========================================================================
Received Import Request.
  Time since last request: 5.760645 seconds.
  path: Assets/Sprites/characters/chevaleir ninja/Attack1.png
  artifactKey: Guid(4e0fc7cde14ecc846b417aceac4ebf3c) Importer(815301076,1909f56bfc062723c751e8b465ee728b)
Start importing Assets/Sprites/characters/chevaleir ninja/Attack1.png using Guid(4e0fc7cde14ecc846b417aceac4ebf3c) Importer(815301076,1909f56bfc062723c751e8b465ee728b)  -> (artifact id: 'ed8296ed8f93a15057b200a124ba88a6') in 0.074374 seconds 
========================================================================
Received Import Request.
  Time since last request: 0.000322 seconds.
  path: Assets/Sprites/characters/chevaleir ninja/Run.png
  artifactKey: Guid(bca3acae67f183349a5e5b0058c66841) Importer(815301076,1909f56bfc062723c751e8b465ee728b)
Start importing Assets/Sprites/characters/chevaleir ninja/Run.png using Guid(bca3acae67f183349a5e5b0058c66841) Importer(815301076,1909f56bfc062723c751e8b465ee728b)  -> (artifact id: '731a0aaa5a81fff35f9769eb29be30fe') in 0.059760 seconds 
========================================================================
Received Import Request.
  Time since last request: 0.000311 seconds.
  path: Assets/Sprites/characters/chevaleir ninja/Fall.png
  artifactKey: Guid(daf241564a8049b4cac17e76b9bbfedb) Importer(815301076,1909f56bfc062723c751e8b465ee728b)
Start importing Assets/Sprites/characters/chevaleir ninja/Fall.png using Guid(daf241564a8049b4cac17e76b9bbfedb) Importer(815301076,1909f56bfc062723c751e8b465ee728b)  -> (artifact id: '7523433842e7484b117661e52b5af218') in 0.036929 seconds 
========================================================================
Received Import Request.
  Time since last request: 0.000331 seconds.
  path: Assets/Sprites/characters/chevaleir ninja/Jump.png
  artifactKey: Guid(724e79479548b1b4eba4ee49aeeee4aa) Importer(815301076,1909f56bfc062723c751e8b465ee728b)
Start importing Assets/Sprites/characters/chevaleir ninja/Jump.png using Guid(724e79479548b1b4eba4ee49aeeee4aa) Importer(815301076,1909f56bfc062723c751e8b465ee728b)  -> (artifact id: '7b743b3cdf760455ef3a70b63139b2a2') in 0.031724 seconds 
========================================================================
Received Import Request.
  Time since last request: 0.000343 seconds.
  path: Assets/Sprites/characters/chevaleir ninja/Attack2.png
  artifactKey: Guid(e81c2969ffed45c4ab942b7652711c23) Importer(815301076,1909f56bfc062723c751e8b465ee728b)
Start importing Assets/Sprites/characters/chevaleir ninja/Attack2.png using Guid(e81c2969ffed45c4ab942b7652711c23) Importer(815301076,1909f56bfc062723c751e8b465ee728b)  -> (artifact id: '5426916b63ce6dac426c49afdab27710') in 0.057383 seconds 
========================================================================
Received Import Request.
  Time since last request: 0.000330 seconds.
  path: Assets/Sprites/characters/chevaleir ninja/Death.png
  artifactKey: Guid(404bddf3c8036f348ae63ff23e9ef114) Importer(815301076,1909f56bfc062723c751e8b465ee728b)
Start importing Assets/Sprites/characters/chevaleir ninja/Death.png using Guid(404bddf3c8036f348ae63ff23e9ef114) Importer(815301076,1909f56bfc062723c751e8b465ee728b)  -> (artifact id: '358327a503e7225904789aae07e6697b') in 0.071931 seconds 
========================================================================
Received Import Request.
  Time since last request: 0.000304 seconds.
  path: Assets/Sprites/characters/chevaleir ninja/Take Hit.png
  artifactKey: Guid(3f68469588d4a4246a11b7a3e2f0e552) Importer(815301076,1909f56bfc062723c751e8b465ee728b)
Start importing Assets/Sprites/characters/chevaleir ninja/Take Hit.png using Guid(3f68469588d4a4246a11b7a3e2f0e552) Importer(815301076,1909f56bfc062723c751e8b465ee728b)  -> (artifact id: 'f2fa149e68dcfad5e618740387a59172') in 0.038177 seconds 
========================================================================
Received Import Request.
  Time since last request: 0.000325 seconds.
  path: Assets/Sprites/characters/chevaleir ninja/Idle.png
  artifactKey: Guid(fc46633b0eb321e46838bcb9ff2d4150) Importer(815301076,1909f56bfc062723c751e8b465ee728b)
Start importing Assets/Sprites/characters/chevaleir ninja/Idle.png using Guid(fc46633b0eb321e46838bcb9ff2d4150) Importer(815301076,1909f56bfc062723c751e8b465ee728b)  -> (artifact id: 'b0d72c5e153f45e6ad187c53be918c09') in 0.065771 seconds 
========================================================================
Received Import Request.
  Time since last request: 32.759837 seconds.
  path: Assets/Sprites/characters/chevaleir ninja/Run.anim
  artifactKey: Guid(1ed69b92d2e9c504182a8abf48d59d97) Importer(815301076,1909f56bfc062723c751e8b465ee728b)
Start importing Assets/Sprites/characters/chevaleir ninja/Run.anim using Guid(1ed69b92d2e9c504182a8abf48d59d97) Importer(815301076,1909f56bfc062723c751e8b465ee728b)  -> (artifact id: 'c8c6fd457c739306770c9a175c84e03b') in 0.023533 seconds 
========================================================================
Received Prepare
Refreshing native plugins compatible for Editor in 4.86 ms, found 3 plugins.
Preloading 0 native plugins for Editor in 0.00 ms.
Unloading 18 Unused Serialized files (Serialized files now loaded: 0)
System memory in use before: 56.2 MB.
System memory in use after: 56.1 MB.

Unloading 18 unused Assets to reduce memory usage. Loaded Objects now: 2641.
Total: 4.851700 ms (FindLiveObjects: 0.213800 ms CreateObjectMapping: 0.109200 ms MarkObjects: 4.379700 ms  DeleteObjects: 0.148100 ms)

AssetImportParameters requested are different than current active one (requested -> active):
  custom:framework-win-MediaFoundation: 216162199b28c13a410421893ffa2e32 -> 
  custom:video-decoder-ogg-theora: a1e56fd34408186e4bbccfd4996cb3dc -> 
  custom:container-muxer-webm: aa71ff27fc2769a1b78a27578f13a17b -> 
  custom:container-demuxer-webm: 4f35f7cbe854078d1ac9338744f61a02 -> 
  custom:container-demuxer-ogg: 62fdf1f143b41e24485cea50d1cbac27 -> 
  custom:video-encoder-webm-vp8: eb34c28f22e8b96e1ab97ce403110664 -> 
  custom:video-decoder-webm-vp8: 9c59270c3fd7afecdb556c50c9e8de78 -> 
  custom:audio-decoder-ogg-vorbis: bf7c407c2cedff20999df2af8eb42d56 -> 
  custom:audio-encoder-webm-vorbis: bf7c407c2cedff20999df2af8eb42d56 -> 
========================================================================
Received Import Request.
  Time since last request: 137.547908 seconds.
  path: Assets/Sprites/characters/chevaleir ninja
  artifactKey: Guid(66053401e5d0b674484f06b2b339123b) Importer(815301076,1909f56bfc062723c751e8b465ee728b)
Start importing Assets/Sprites/characters/chevaleir ninja using Guid(66053401e5d0b674484f06b2b339123b) Importer(815301076,1909f56bfc062723c751e8b465ee728b)  -> (artifact id: '2951fd106f225c6a9de223819a211da6') in 0.010022 seconds 
========================================================================
Received Import Request.
  Time since last request: 14.595749 seconds.
  path: Assets/a classer/Cainos/Pixel Art Platformer - Village Props
  artifactKey: Guid(1f08d781702466b438d35aa7938d8030) Importer(815301076,1909f56bfc062723c751e8b465ee728b)
Start importing Assets/a classer/Cainos/Pixel Art Platformer - Village Props using Guid(1f08d781702466b438d35aa7938d8030) Importer(815301076,1909f56bfc062723c751e8b465ee728b)  -> (artifact id: '14aac2b74a698c039f0684b09f635df1') in 0.026032 seconds 
========================================================================
Received Import Request.
  Time since last request: 2.658387 seconds.
  path: Assets/a classer/Cainos/Pixel Art Platformer - Village Props/Material
  artifactKey: Guid(9ac4b6a5224288540a1d038f5d6101e2) Importer(815301076,1909f56bfc062723c751e8b465ee728b)
Start importing Assets/a classer/Cainos/Pixel Art Platformer - Village Props/Material using Guid(9ac4b6a5224288540a1d038f5d6101e2) Importer(815301076,1909f56bfc062723c751e8b465ee728b)  -> (artifact id: 'cde7bce9dee8fa5ece95fb35590f920a') in 0.014987 seconds 
========================================================================
Received Import Request.
  Time since last request: 0.055793 seconds.
  path: Assets/a classer/Cainos/Pixel Art Platformer - Village Props/Material/MT FX Particle Torch Fire.mat
  artifactKey: Guid(dce4faabfa7d00147bb7d853e5c1fbf3) Importer(815301076,1909f56bfc062723c751e8b465ee728b)
Start importing Assets/a classer/Cainos/Pixel Art Platformer - Village Props/Material/MT FX Particle Torch Fire.mat using Guid(dce4faabfa7d00147bb7d853e5c1fbf3) Importer(815301076,1909f56bfc062723c751e8b465ee728b)  -> (artifact id: 'd187049146f5cc3f3dc40d238ae96372') in 0.154783 seconds 
========================================================================
Received Import Request.
  Time since last request: 0.000539 seconds.
  path: Assets/a classer/Cainos/Pixel Art Platformer - Village Props/Material/MT FX Particle Torch Spark.mat
  artifactKey: Guid(23524a906e8f5eb4384f92eb87af52f4) Importer(815301076,1909f56bfc062723c751e8b465ee728b)
Start importing Assets/a classer/Cainos/Pixel Art Platformer - Village Props/Material/MT FX Particle Torch Spark.mat using Guid(23524a906e8f5eb4384f92eb87af52f4) Importer(815301076,1909f56bfc062723c751e8b465ee728b)  -> (artifact id: '506cac7e1c2f20beb9e0ffaf90d1a09b') in 0.034253 seconds 
========================================================================
Received Import Request.
  Time since last request: 0.001477 seconds.
  path: Assets/a classer/Cainos/Pixel Art Platformer - Village Props/Material/MT FX Particle Torch Glow.mat
  artifactKey: Guid(6c48dc6ed4cda324b83bb2391ca6fb9a) Importer(815301076,1909f56bfc062723c751e8b465ee728b)
Start importing Assets/a classer/Cainos/Pixel Art Platformer - Village Props/Material/MT FX Particle Torch Glow.mat using Guid(6c48dc6ed4cda324b83bb2391ca6fb9a) Importer(815301076,1909f56bfc062723c751e8b465ee728b)  -> (artifact id: '16629e6d0a127908b8855dc330a7ffca') in 0.040187 seconds 
========================================================================
Received Import Request.
  Time since last request: 1.430003 seconds.
  path: Assets/a classer/Cainos/Pixel Art Platformer - Village Props/Texture/TX Particle Flame.png
  artifactKey: Guid(cfcfd3af954eeb54cb041fe6d75a983b) Importer(815301076,1909f56bfc062723c751e8b465ee728b)
Start importing Assets/a classer/Cainos/Pixel Art Platformer - Village Props/Texture/TX Particle Flame.png using Guid(cfcfd3af954eeb54cb041fe6d75a983b) Importer(815301076,1909f56bfc062723c751e8b465ee728b)  -> (artifact id: 'ec312f7e2a7c2bc35b8978a7ab921002') in 0.040416 seconds 
========================================================================
Received Import Request.
  Time since last request: 4.956017 seconds.
  path: Assets/a classer/Cainos/Pixel Art Platformer - Village Props/Prefab/PF Village Props - Anvil.prefab
  artifactKey: Guid(c2f614a8e0864dc428810ace2ccc1584) Importer(815301076,1909f56bfc062723c751e8b465ee728b)
Start importing Assets/a classer/Cainos/Pixel Art Platformer - Village Props/Prefab/PF Village Props - Anvil.prefab using Guid(c2f614a8e0864dc428810ace2ccc1584) Importer(815301076,1909f56bfc062723c751e8b465ee728b)  -> (artifact id: '0ea56cf211d0bc353101719c1b7b2800') in 0.084151 seconds 
========================================================================
Received Import Request.
  Time since last request: 0.000335 seconds.
  path: Assets/a classer/Cainos/Pixel Art Platformer - Village Props/Prefab/PF Village Props - Barrel.prefab
  artifactKey: Guid(1509360826d6bb34587310ad4949fdd5) Importer(815301076,1909f56bfc062723c751e8b465ee728b)
Start importing Assets/a classer/Cainos/Pixel Art Platformer - Village Props/Prefab/PF Village Props - Barrel.prefab using Guid(1509360826d6bb34587310ad4949fdd5) Importer(815301076,1909f56bfc062723c751e8b465ee728b)  -> (artifact id: '075625b05c2e69c85f3c67fbda8e3159') in 0.016961 seconds 
========================================================================
Received Import Request.
  Time since last request: 0.000290 seconds.
  path: Assets/a classer/Cainos/Pixel Art Platformer - Village Props/Prefab/PF Village Props - Bucket.prefab
  artifactKey: Guid(75e84fbdb66ab5647a06b786c6662307) Importer(815301076,1909f56bfc062723c751e8b465ee728b)
Start importing Assets/a classer/Cainos/Pixel Art Platformer - Village Props/Prefab/PF Village Props - Bucket.prefab using Guid(75e84fbdb66ab5647a06b786c6662307) Importer(815301076,1909f56bfc062723c751e8b465ee728b)  -> (artifact id: 'be5e9b609aa9fedf8551de3277a0a1c2') in 0.016582 seconds 
========================================================================
Received Import Request.
  Time since last request: 0.000331 seconds.
  path: Assets/a classer/Cainos/Pixel Art Platformer - Village Props/Prefab/PF Village Props - Arrow.prefab
  artifactKey: Guid(27277137d0605bd45bd741cdb791e0c1) Importer(815301076,1909f56bfc062723c751e8b465ee728b)
Start importing Assets/a classer/Cainos/Pixel Art Platformer - Village Props/Prefab/PF Village Props - Arrow.prefab using Guid(27277137d0605bd45bd741cdb791e0c1) Importer(815301076,1909f56bfc062723c751e8b465ee728b)  -> (artifact id: '783ac3ef69a9b1dd225b184900aeadb0') in 0.018952 seconds 
========================================================================
Received Import Request.
  Time since last request: 0.000301 seconds.
  path: Assets/a classer/Cainos/Pixel Art Platformer - Village Props/Prefab/PF Village Props - Chest Iron.prefab
  artifactKey: Guid(5abf20f0457997348bd80242fe916388) Importer(815301076,1909f56bfc062723c751e8b465ee728b)
Start importing Assets/a classer/Cainos/Pixel Art Platformer - Village Props/Prefab/PF Village Props - Chest Iron.prefab using Guid(5abf20f0457997348bd80242fe916388) Importer(815301076,1909f56bfc062723c751e8b465ee728b)  -> (artifact id: '8f58170a59670398b466e96aaccd221e') in 0.023602 seconds 
========================================================================
Received Import Request.
  Time since last request: 0.000378 seconds.
  path: Assets/a classer/Cainos/Pixel Art Platformer - Village Props/Prefab/PF Village Props - Cup.prefab
  artifactKey: Guid(4d8ad400922c4a343911784077c26568) Importer(815301076,1909f56bfc062723c751e8b465ee728b)
Start importing Assets/a classer/Cainos/Pixel Art Platformer - Village Props/Prefab/PF Village Props - Cup.prefab using Guid(4d8ad400922c4a343911784077c26568) Importer(815301076,1909f56bfc062723c751e8b465ee728b)  -> (artifact id: '767763d4cd23a70f3fe43c7c45b5fa90') in 0.016480 seconds 
========================================================================
Received Import Request.
  Time since last request: 0.000315 seconds.
  path: Assets/a classer/Cainos/Pixel Art Platformer - Village Props/Prefab/PF Village Props - Clother Hanger.prefab
  artifactKey: Guid(cbdefb422455c2a4aab364028b4b5e10) Importer(815301076,1909f56bfc062723c751e8b465ee728b)
Start importing Assets/a classer/Cainos/Pixel Art Platformer - Village Props/Prefab/PF Village Props - Clother Hanger.prefab using Guid(cbdefb422455c2a4aab364028b4b5e10) Importer(815301076,1909f56bfc062723c751e8b465ee728b)  -> (artifact id: '75848ff5fc787bb9682c080e97fd13bd') in 0.022417 seconds 
========================================================================
Received Import Request.
  Time since last request: 0.000277 seconds.
  path: Assets/a classer/Cainos/Pixel Art Platformer - Village Props/Prefab/PF Village Props - Gravestone B.prefab
  artifactKey: Guid(f39426a001c71d84999be2ee63c7d322) Importer(815301076,1909f56bfc062723c751e8b465ee728b)
Start importing Assets/a classer/Cainos/Pixel Art Platformer - Village Props/Prefab/PF Village Props - Gravestone B.prefab using Guid(f39426a001c71d84999be2ee63c7d322) Importer(815301076,1909f56bfc062723c751e8b465ee728b)  -> (artifact id: '02fb4f308e82f5d8af7ea6f5bef14600') in 0.019284 seconds 
========================================================================
Received Import Request.
  Time since last request: 0.000328 seconds.
  path: Assets/a classer/Cainos/Pixel Art Platformer - Village Props/Prefab/PF Village Props - Hammer.prefab
  artifactKey: Guid(e496de2bd698f6c409bd2a9bceda980e) Importer(815301076,1909f56bfc062723c751e8b465ee728b)
Start importing Assets/a classer/Cainos/Pixel Art Platformer - Village Props/Prefab/PF Village Props - Hammer.prefab using Guid(e496de2bd698f6c409bd2a9bceda980e) Importer(815301076,1909f56bfc062723c751e8b465ee728b)  -> (artifact id: '2d6dffe617132e331421cf90412196b4') in 0.016675 seconds 
========================================================================
Received Import Request.
  Time since last request: 0.000349 seconds.
  path: Assets/a classer/Cainos/Pixel Art Platformer - Village Props/Prefab/PF Village Props - Gravestone C.prefab
  artifactKey: Guid(d6770ea3eabbc694a9bad4112d5af65b) Importer(815301076,1909f56bfc062723c751e8b465ee728b)
Start importing Assets/a classer/Cainos/Pixel Art Platformer - Village Props/Prefab/PF Village Props - Gravestone C.prefab using Guid(d6770ea3eabbc694a9bad4112d5af65b) Importer(815301076,1909f56bfc062723c751e8b465ee728b)  -> (artifact id: '442ef0af26ba41b7b80568a6b92abfb5') in 0.017893 seconds 
========================================================================
Received Import Request.
  Time since last request: 0.000244 seconds.
  path: Assets/a classer/Cainos/Pixel Art Platformer - Village Props/Prefab/PF Village Props - Grain Box.prefab
  artifactKey: Guid(945a24dea7767f846ad8007110a371f3) Importer(815301076,1909f56bfc062723c751e8b465ee728b)
Start importing Assets/a classer/Cainos/Pixel Art Platformer - Village Props/Prefab/PF Village Props - Grain Box.prefab using Guid(945a24dea7767f846ad8007110a371f3) Importer(815301076,1909f56bfc062723c751e8b465ee728b)  -> (artifact id: '55482251267c217507470002cb8682f2') in 0.017618 seconds 
========================================================================
Received Import Request.
  Time since last request: 0.000346 seconds.
  path: Assets/a classer/Cainos/Pixel Art Platformer - Village Props/Prefab/PF Village Props - Gunny Bag B.prefab
  artifactKey: Guid(25f9f2235afcaca429284c9aec8982df) Importer(815301076,1909f56bfc062723c751e8b465ee728b)
Start importing Assets/a classer/Cainos/Pixel Art Platformer - Village Props/Prefab/PF Village Props - Gunny Bag B.prefab using Guid(25f9f2235afcaca429284c9aec8982df) Importer(815301076,1909f56bfc062723c751e8b465ee728b)  -> (artifact id: '8ee303540d042334c076b0dd07a669dc') in 0.015971 seconds 
========================================================================
Received Import Request.
  Time since last request: 0.000377 seconds.
  path: Assets/a classer/Cainos/Pixel Art Platformer - Village Props/Prefab/PF Village Props - Pot C.prefab
  artifactKey: Guid(4d0ea86cf0ef88c4fa3ae46ee54d15d1) Importer(815301076,1909f56bfc062723c751e8b465ee728b)
Start importing Assets/a classer/Cainos/Pixel Art Platformer - Village Props/Prefab/PF Village Props - Pot C.prefab using Guid(4d0ea86cf0ef88c4fa3ae46ee54d15d1) Importer(815301076,1909f56bfc062723c751e8b465ee728b)  -> (artifact id: 'aa173907bf3ae3ae686df837391c5338') in 0.018989 seconds 
========================================================================
Received Import Request.
  Time since last request: 0.000281 seconds.
  path: Assets/a classer/Cainos/Pixel Art Platformer - Village Props/Prefab/PF Village Props - Log Bench.prefab
  artifactKey: Guid(28ae4e85426a2f54a98737a016d4cbc2) Importer(815301076,1909f56bfc062723c751e8b465ee728b)
Start importing Assets/a classer/Cainos/Pixel Art Platformer - Village Props/Prefab/PF Village Props - Log Bench.prefab using Guid(28ae4e85426a2f54a98737a016d4cbc2) Importer(815301076,1909f56bfc062723c751e8b465ee728b)  -> (artifact id: '63d4da16d29ac372b9e9736b6b1c493a') in 0.020035 seconds 
========================================================================
Received Import Request.
  Time since last request: 0.000244 seconds.
  path: Assets/a classer/Cainos/Pixel Art Platformer - Village Props/Prefab/PF Village Props - Rock A.prefab
  artifactKey: Guid(8dab7379f6c67d9448d4c24d1eace61b) Importer(815301076,1909f56bfc062723c751e8b465ee728b)
Start importing Assets/a classer/Cainos/Pixel Art Platformer - Village Props/Prefab/PF Village Props - Rock A.prefab using Guid(8dab7379f6c67d9448d4c24d1eace61b) Importer(815301076,1909f56bfc062723c751e8b465ee728b)  -> (artifact id: 'fcab4cd6bff96d2cfcf9b8f93e31bab0') in 0.016383 seconds 
========================================================================
Received Import Request.
  Time since last request: 0.000337 seconds.
  path: Assets/a classer/Cainos/Pixel Art Platformer - Village Props/Prefab/PF Village Props - Spike.prefab
  artifactKey: Guid(c4728654af6c1b84fb5102e3f29ffb8f) Importer(815301076,1909f56bfc062723c751e8b465ee728b)
Start importing Assets/a classer/Cainos/Pixel Art Platformer - Village Props/Prefab/PF Village Props - Spike.prefab using Guid(c4728654af6c1b84fb5102e3f29ffb8f) Importer(815301076,1909f56bfc062723c751e8b465ee728b)  -> (artifact id: '627c1726352ef7de9c4e3f6ab4e023f6') in 0.017338 seconds 
========================================================================
Received Import Request.
  Time since last request: 0.000351 seconds.
  path: Assets/a classer/Cainos/Pixel Art Platformer - Village Props/Prefab/PF Village Props - Scarecrow.prefab
  artifactKey: Guid(ef2b6e3a0904d0a488fb7a1bd47ce073) Importer(815301076,1909f56bfc062723c751e8b465ee728b)
Start importing Assets/a classer/Cainos/Pixel Art Platformer - Village Props/Prefab/PF Village Props - Scarecrow.prefab using Guid(ef2b6e3a0904d0a488fb7a1bd47ce073) Importer(815301076,1909f56bfc062723c751e8b465ee728b)  -> (artifact id: '9d149b19a1668765d29426784ade9f51') in 0.020877 seconds 
========================================================================
Received Import Request.
  Time since last request: 0.000318 seconds.
  path: Assets/a classer/Cainos/Pixel Art Platformer - Village Props/Prefab/PF Village Props - Sunflower B.prefab
  artifactKey: Guid(d5f7066e247357149b9a778fcd53e819) Importer(815301076,1909f56bfc062723c751e8b465ee728b)
Start importing Assets/a classer/Cainos/Pixel Art Platformer - Village Props/Prefab/PF Village Props - Sunflower B.prefab using Guid(d5f7066e247357149b9a778fcd53e819) Importer(815301076,1909f56bfc062723c751e8b465ee728b)  -> (artifact id: '41fdff26c0869bd9c08204785fd212d2') in 0.015905 seconds 
========================================================================
Received Import Request.
  Time since last request: 0.000333 seconds.
  path: Assets/a classer/Cainos/Pixel Art Platformer - Village Props/Prefab/PF Village Props - Bush B.prefab
  artifactKey: Guid(e3ef72d9f2a941b479a3bda87147db32) Importer(815301076,1909f56bfc062723c751e8b465ee728b)
Start importing Assets/a classer/Cainos/Pixel Art Platformer - Village Props/Prefab/PF Village Props - Bush B.prefab using Guid(e3ef72d9f2a941b479a3bda87147db32) Importer(815301076,1909f56bfc062723c751e8b465ee728b)  -> (artifact id: '38275fb13d1974a23c3191bae457e112') in 0.019158 seconds 
========================================================================
Received Import Request.
  Time since last request: 0.000310 seconds.
  path: Assets/a classer/Cainos/Pixel Art Platformer - Village Props/Prefab/PF Village Props - Weapon Rack.prefab
  artifactKey: Guid(db3033d1b9a69204ebc8a3bc98f3c254) Importer(815301076,1909f56bfc062723c751e8b465ee728b)
Start importing Assets/a classer/Cainos/Pixel Art Platformer - Village Props/Prefab/PF Village Props - Weapon Rack.prefab using Guid(db3033d1b9a69204ebc8a3bc98f3c254) Importer(815301076,1909f56bfc062723c751e8b465ee728b)  -> (artifact id: 'c1335013b22138998d9a19825d349008') in 0.021774 seconds 
========================================================================
Received Import Request.
  Time since last request: 0.000319 seconds.
  path: Assets/a classer/Cainos/Pixel Art Platformer - Village Props/Prefab/PF Village Props - Pumpkin A.prefab
  artifactKey: Guid(4c7668f32ddf4c843bc8d57bf6b43000) Importer(815301076,1909f56bfc062723c751e8b465ee728b)
Start importing Assets/a classer/Cainos/Pixel Art Platformer - Village Props/Prefab/PF Village Props - Pumpkin A.prefab using Guid(4c7668f32ddf4c843bc8d57bf6b43000) Importer(815301076,1909f56bfc062723c751e8b465ee728b)  -> (artifact id: 'e4fead854fb47b014eec69250f2f38ec') in 0.027127 seconds 
========================================================================
Received Import Request.
  Time since last request: 0.000332 seconds.
  path: Assets/a classer/Cainos/Pixel Art Platformer - Village Props/Prefab/PF Village Props - Platform S.prefab
  artifactKey: Guid(b66942e8458865e4990a5fc39874e9a1) Importer(815301076,1909f56bfc062723c751e8b465ee728b)
Start importing Assets/a classer/Cainos/Pixel Art Platformer - Village Props/Prefab/PF Village Props - Platform S.prefab using Guid(b66942e8458865e4990a5fc39874e9a1) Importer(815301076,1909f56bfc062723c751e8b465ee728b)  -> (artifact id: '9ea409d468210eb052dcf673306cfab5') in 0.035160 seconds 
========================================================================
Received Import Request.
  Time since last request: 0.000372 seconds.
  path: Assets/a classer/Cainos/Pixel Art Platformer - Village Props/Prefab/PF Village Props - Hay Fork 1.prefab
  artifactKey: Guid(fad6b34e2edb6f24c951ba47fab95694) Importer(815301076,1909f56bfc062723c751e8b465ee728b)
Start importing Assets/a classer/Cainos/Pixel Art Platformer - Village Props/Prefab/PF Village Props - Hay Fork 1.prefab using Guid(fad6b34e2edb6f24c951ba47fab95694) Importer(815301076,1909f56bfc062723c751e8b465ee728b)  -> (artifact id: 'a0be39741fdc7f8660056256261c84de') in 0.021173 seconds 
========================================================================
Received Import Request.
  Time since last request: 0.000304 seconds.
  path: Assets/a classer/Cainos/Pixel Art Platformer - Village Props/Prefab/PF Village Props - Hay Bale.prefab
  artifactKey: Guid(6a9ccf5128b7b1349a5a89b136f037a4) Importer(815301076,1909f56bfc062723c751e8b465ee728b)
Start importing Assets/a classer/Cainos/Pixel Art Platformer - Village Props/Prefab/PF Village Props - Hay Bale.prefab using Guid(6a9ccf5128b7b1349a5a89b136f037a4) Importer(815301076,1909f56bfc062723c751e8b465ee728b)  -> (artifact id: '5c737ab6ab4929fab25a57572be67a2a') in 0.027451 seconds 
========================================================================
Received Import Request.
  Time since last request: 0.000350 seconds.
  path: Assets/a classer/Cainos/Pixel Art Platformer - Village Props/Prefab/PF Village Props - Chest Silver.prefab
  artifactKey: Guid(7f2681b23c23afc4fbb43c6dca9f41f9) Importer(815301076,1909f56bfc062723c751e8b465ee728b)
Start importing Assets/a classer/Cainos/Pixel Art Platformer - Village Props/Prefab/PF Village Props - Chest Silver.prefab using Guid(7f2681b23c23afc4fbb43c6dca9f41f9) Importer(815301076,1909f56bfc062723c751e8b465ee728b)  -> (artifact id: '23b05fe23ae57faaafb75cb388e6f943') in 0.027897 seconds 
========================================================================
Received Import Request.
  Time since last request: 0.000301 seconds.
  path: Assets/a classer/Cainos/Pixel Art Platformer - Village Props/Prefab/PF Village Props - Crate Small.prefab
  artifactKey: Guid(ab9278aa8a6f856468c48e893720a765) Importer(815301076,1909f56bfc062723c751e8b465ee728b)
Start importing Assets/a classer/Cainos/Pixel Art Platformer - Village Props/Prefab/PF Village Props - Crate Small.prefab using Guid(ab9278aa8a6f856468c48e893720a765) Importer(815301076,1909f56bfc062723c751e8b465ee728b)  -> (artifact id: '59e71103808610143eaabcde84d19101') in 0.030936 seconds 
========================================================================
Received Import Request.
  Time since last request: 0.000309 seconds.
  path: Assets/a classer/Cainos/Pixel Art Platformer - Village Props/Prefab/PF Village Props - Fence A.prefab
  artifactKey: Guid(8cc938fe21b426a4daedf2f6c7e34c80) Importer(815301076,1909f56bfc062723c751e8b465ee728b)
Start importing Assets/a classer/Cainos/Pixel Art Platformer - Village Props/Prefab/PF Village Props - Fence A.prefab using Guid(8cc938fe21b426a4daedf2f6c7e34c80) Importer(815301076,1909f56bfc062723c751e8b465ee728b)  -> (artifact id: 'aa901f1719f1db39ae65a504ee296266') in 0.025553 seconds 
========================================================================
Received Import Request.
  Time since last request: 0.000370 seconds.
  path: Assets/a classer/Cainos/Pixel Art Platformer - Village Props/Prefab/PF Village Props - Bush A.prefab
  artifactKey: Guid(0a84f54077193d3489d0de133048df37) Importer(815301076,1909f56bfc062723c751e8b465ee728b)
Start importing Assets/a classer/Cainos/Pixel Art Platformer - Village Props/Prefab/PF Village Props - Bush A.prefab using Guid(0a84f54077193d3489d0de133048df37) Importer(815301076,1909f56bfc062723c751e8b465ee728b)  -> (artifact id: 'a9ab3c4dc2ef4d74a4bb46661c62977f') in 0.027400 seconds 
========================================================================
Received Import Request.
  Time since last request: 0.000295 seconds.
  path: Assets/a classer/Cainos/Pixel Art Platformer - Village Props/Prefab/PF Village Props - Basket.prefab
  artifactKey: Guid(33765db783031c64eb242d22002b9a55) Importer(815301076,1909f56bfc062723c751e8b465ee728b)
Start importing Assets/a classer/Cainos/Pixel Art Platformer - Village Props/Prefab/PF Village Props - Basket.prefab using Guid(33765db783031c64eb242d22002b9a55) Importer(815301076,1909f56bfc062723c751e8b465ee728b)  -> (artifact id: '3f5bfcb217915d1f717f22a052636bdf') in 0.023430 seconds 
========================================================================
Received Import Request.
  Time since last request: 0.000531 seconds.
  path: Assets/a classer/Cainos/Pixel Art Platformer - Village Props/Prefab/PF Village Props - Tree B.prefab
  artifactKey: Guid(c5f8f079905bce04f945cd8ff4ba545a) Importer(815301076,1909f56bfc062723c751e8b465ee728b)
Start importing Assets/a classer/Cainos/Pixel Art Platformer - Village Props/Prefab/PF Village Props - Tree B.prefab using Guid(c5f8f079905bce04f945cd8ff4ba545a) Importer(815301076,1909f56bfc062723c751e8b465ee728b)  -> (artifact id: 'df6dc7b7322393c52596f1238cecbb2c') in 0.021017 seconds 
========================================================================
Received Import Request.
  Time since last request: 0.000371 seconds.
  path: Assets/a classer/Cainos/Pixel Art Platformer - Village Props/Prefab/PF Village Props - Billboard.prefab
  artifactKey: Guid(6ecf5bcec20adfa429a788f660f29ff5) Importer(815301076,1909f56bfc062723c751e8b465ee728b)
Start importing Assets/a classer/Cainos/Pixel Art Platformer - Village Props/Prefab/PF Village Props - Billboard.prefab using Guid(6ecf5bcec20adfa429a788f660f29ff5) Importer(815301076,1909f56bfc062723c751e8b465ee728b)  -> (artifact id: 'a06ac07a46527872a35d925ef902e443') in 0.022143 seconds 
========================================================================
Received Import Request.
  Time since last request: 0.000299 seconds.
  path: Assets/a classer/Cainos/Pixel Art Platformer - Village Props/Prefab/PF Village Props - Road Lamp.prefab
  artifactKey: Guid(c13263f1f05170f4e849875cee5c46d0) Importer(815301076,1909f56bfc062723c751e8b465ee728b)
Start importing Assets/a classer/Cainos/Pixel Art Platformer - Village Props/Prefab/PF Village Props - Road Lamp.prefab using Guid(c13263f1f05170f4e849875cee5c46d0) Importer(815301076,1909f56bfc062723c751e8b465ee728b)  -> (artifact id: '9dfaa35a3979d0f8589f14bd331bed25') in 0.042294 seconds 
========================================================================
Received Import Request.
  Time since last request: 0.000300 seconds.
  path: Assets/a classer/Cainos/Pixel Art Platformer - Village Props/Prefab/PF Village Props - Campfire.prefab
  artifactKey: Guid(e8bae36b607017047ace9061609051d9) Importer(815301076,1909f56bfc062723c751e8b465ee728b)
Start importing Assets/a classer/Cainos/Pixel Art Platformer - Village Props/Prefab/PF Village Props - Campfire.prefab using Guid(e8bae36b607017047ace9061609051d9) Importer(815301076,1909f56bfc062723c751e8b465ee728b)  -> (artifact id: 'b0720fffd1e291d3de9f422193f1862e') in 0.030360 seconds 
========================================================================
Received Import Request.
  Time since last request: 0.000320 seconds.
  path: Assets/a classer/Cainos/Pixel Art Platformer - Village Props/Prefab/PF Village Props - Ladder.prefab
  artifactKey: Guid(f41211a6e39d8ab42a846d7622cabd05) Importer(815301076,1909f56bfc062723c751e8b465ee728b)
Start importing Assets/a classer/Cainos/Pixel Art Platformer - Village Props/Prefab/PF Village Props - Ladder.prefab using Guid(f41211a6e39d8ab42a846d7622cabd05) Importer(815301076,1909f56bfc062723c751e8b465ee728b)  -> (artifact id: '19b022adb96d78d8f63b940759fdc1f0') in 0.029911 seconds 
========================================================================
Received Import Request.
  Time since last request: 0.000298 seconds.
  path: Assets/a classer/Cainos/Pixel Art Platformer - Village Props/Prefab/PF Village Props - Training Dummy.prefab
  artifactKey: Guid(7fc30cd74f5aa724387df7546e0f3d5b) Importer(815301076,1909f56bfc062723c751e8b465ee728b)
Start importing Assets/a classer/Cainos/Pixel Art Platformer - Village Props/Prefab/PF Village Props - Training Dummy.prefab using Guid(7fc30cd74f5aa724387df7546e0f3d5b) Importer(815301076,1909f56bfc062723c751e8b465ee728b)  -> (artifact id: 'ed7b2c04f5c8f12d1107ad294fd7bbfc') in 0.020304 seconds 
========================================================================
Received Import Request.
  Time since last request: 0.000487 seconds.
  path: Assets/a classer/Cainos/Pixel Art Platformer - Village Props/Prefab/PF Village Props - Rock B.prefab
  artifactKey: Guid(b076c268235cb7348a5d9a036ec254c4) Importer(815301076,1909f56bfc062723c751e8b465ee728b)
Start importing Assets/a classer/Cainos/Pixel Art Platformer - Village Props/Prefab/PF Village Props - Rock B.prefab using Guid(b076c268235cb7348a5d9a036ec254c4) Importer(815301076,1909f56bfc062723c751e8b465ee728b)  -> (artifact id: 'b69a73049a65aca3db5f638ed949900a') in 0.020665 seconds 
========================================================================
Received Import Request.
  Time since last request: 0.000435 seconds.
  path: Assets/a classer/Cainos/Pixel Art Platformer - Village Props/Prefab/PF Village Props - Apple.prefab
  artifactKey: Guid(d732c433f052247478d37fac6cedfe30) Importer(815301076,1909f56bfc062723c751e8b465ee728b)
Start importing Assets/a classer/Cainos/Pixel Art Platformer - Village Props/Prefab/PF Village Props - Apple.prefab using Guid(d732c433f052247478d37fac6cedfe30) Importer(815301076,1909f56bfc062723c751e8b465ee728b)  -> (artifact id: '5e43caa67b411da10f7a4784382a1482') in 0.018109 seconds 
========================================================================
Received Import Request.
  Time since last request: 0.000335 seconds.
  path: Assets/a classer/Cainos/Pixel Art Platformer - Village Props/Prefab/PF Village Props - Archert Target.prefab
  artifactKey: Guid(55e220e9324021f4aba5a837610ec52e) Importer(815301076,1909f56bfc062723c751e8b465ee728b)
Start importing Assets/a classer/Cainos/Pixel Art Platformer - Village Props/Prefab/PF Village Props - Archert Target.prefab using Guid(55e220e9324021f4aba5a837610ec52e) Importer(815301076,1909f56bfc062723c751e8b465ee728b)  -> (artifact id: '727482e48c6ddb9315262fbe4c2ed147') in 0.019126 seconds 
========================================================================
Received Import Request.
  Time since last request: 0.000320 seconds.
  path: Assets/a classer/Cainos/Pixel Art Platformer - Village Props/Prefab/PF Village Props - Stall.prefab
  artifactKey: Guid(b18dcd3ee86986b469e9cfc64055704c) Importer(815301076,1909f56bfc062723c751e8b465ee728b)
Start importing Assets/a classer/Cainos/Pixel Art Platformer - Village Props/Prefab/PF Village Props - Stall.prefab using Guid(b18dcd3ee86986b469e9cfc64055704c) Importer(815301076,1909f56bfc062723c751e8b465ee728b)  -> (artifact id: 'dc890e8ae697f329fd339f19927868ac') in 0.028143 seconds 
========================================================================
Received Import Request.
  Time since last request: 0.000388 seconds.
  path: Assets/a classer/Cainos/Pixel Art Platformer - Village Props/Prefab/PF Village Props - Gunny Bag A.prefab
  artifactKey: Guid(c223d1574bec3184c97d31eaf1406178) Importer(815301076,1909f56bfc062723c751e8b465ee728b)
Start importing Assets/a classer/Cainos/Pixel Art Platformer - Village Props/Prefab/PF Village Props - Gunny Bag A.prefab using Guid(c223d1574bec3184c97d31eaf1406178) Importer(815301076,1909f56bfc062723c751e8b465ee728b)  -> (artifact id: 'cfd5311f671c89e62b3a6e5c0eb36eee') in 0.020900 seconds 
========================================================================
Received Import Request.
  Time since last request: 0.000292 seconds.
  path: Assets/a classer/Cainos/Pixel Art Platformer - Village Props/Prefab/PF Village Props - Platform M.prefab
  artifactKey: Guid(8f0b414806fcbda47b9f242883104bb5) Importer(815301076,1909f56bfc062723c751e8b465ee728b)
Start importing Assets/a classer/Cainos/Pixel Art Platformer - Village Props/Prefab/PF Village Props - Platform M.prefab using Guid(8f0b414806fcbda47b9f242883104bb5) Importer(815301076,1909f56bfc062723c751e8b465ee728b)  -> (artifact id: '392ffee34a85c48e6c8c9049343ea75b') in 0.016806 seconds 
========================================================================
Received Import Request.
  Time since last request: 0.000377 seconds.
  path: Assets/a classer/Cainos/Pixel Art Platformer - Village Props/Prefab/PF Village Props - Pot A.prefab
  artifactKey: Guid(78c0f168d9274124eaeedea139301a44) Importer(815301076,1909f56bfc062723c751e8b465ee728b)
Start importing Assets/a classer/Cainos/Pixel Art Platformer - Village Props/Prefab/PF Village Props - Pot A.prefab using Guid(78c0f168d9274124eaeedea139301a44) Importer(815301076,1909f56bfc062723c751e8b465ee728b)  -> (artifact id: 'b9b062a9cda295597ae11be93d763aab') in 0.019188 seconds 
========================================================================
Received Import Request.
  Time since last request: 0.000336 seconds.
  path: Assets/a classer/Cainos/Pixel Art Platformer - Village Props/Prefab/PF Village Props - Gravestone A.prefab
  artifactKey: Guid(050d9e84d8de61d41ac16ebab39e64a2) Importer(815301076,1909f56bfc062723c751e8b465ee728b)
Start importing Assets/a classer/Cainos/Pixel Art Platformer - Village Props/Prefab/PF Village Props - Gravestone A.prefab using Guid(050d9e84d8de61d41ac16ebab39e64a2) Importer(815301076,1909f56bfc062723c751e8b465ee728b)  -> (artifact id: '4a6a0aed6096e8672ddf7fb00789ab99') in 0.019998 seconds 
========================================================================
Received Import Request.
  Time since last request: 0.000380 seconds.
  path: Assets/a classer/Cainos/Pixel Art Platformer - Village Props/Prefab/PF Village Props - Hay Pile.prefab
  artifactKey: Guid(337bf7fb32e777b41a8411ca5d35e56f) Importer(815301076,1909f56bfc062723c751e8b465ee728b)
Start importing Assets/a classer/Cainos/Pixel Art Platformer - Village Props/Prefab/PF Village Props - Hay Pile.prefab using Guid(337bf7fb32e777b41a8411ca5d35e56f) Importer(815301076,1909f56bfc062723c751e8b465ee728b)  -> (artifact id: '3ff3ce79884a5ddd8b07ebaa7b527d31') in 0.021319 seconds 
========================================================================
Received Import Request.
  Time since last request: 0.000339 seconds.
  path: Assets/a classer/Cainos/Pixel Art Platformer - Village Props/Prefab/PF Village Props - Heavy Sword.prefab
  artifactKey: Guid(9af026272fa8fd144b992aa10e9a13b5) Importer(815301076,1909f56bfc062723c751e8b465ee728b)
Start importing Assets/a classer/Cainos/Pixel Art Platformer - Village Props/Prefab/PF Village Props - Heavy Sword.prefab using Guid(9af026272fa8fd144b992aa10e9a13b5) Importer(815301076,1909f56bfc062723c751e8b465ee728b)  -> (artifact id: '32ffcbf622db43c96ff7fea5e8aef482') in 0.017958 seconds 
========================================================================
Received Import Request.
  Time since last request: 0.000337 seconds.
  path: Assets/a classer/Cainos/Pixel Art Platformer - Village Props/Prefab/PF Village Props - Road Sign - A.prefab
  artifactKey: Guid(bbde5b0f2fde63f47aab9703a1e8e784) Importer(815301076,1909f56bfc062723c751e8b465ee728b)
Start importing Assets/a classer/Cainos/Pixel Art Platformer - Village Props/Prefab/PF Village Props - Road Sign - A.prefab using Guid(bbde5b0f2fde63f47aab9703a1e8e784) Importer(815301076,1909f56bfc062723c751e8b465ee728b)  -> (artifact id: '592df743e82189e2c49f264f635ac900') in 0.019012 seconds 
========================================================================
Received Import Request.
  Time since last request: 0.000312 seconds.
  path: Assets/a classer/Cainos/Pixel Art Platformer - Village Props/Prefab/PF Village Props - Statue.prefab
  artifactKey: Guid(92a08448cd3527a4aaf11bc404e0f1a0) Importer(815301076,1909f56bfc062723c751e8b465ee728b)
Start importing Assets/a classer/Cainos/Pixel Art Platformer - Village Props/Prefab/PF Village Props - Statue.prefab using Guid(92a08448cd3527a4aaf11bc404e0f1a0) Importer(815301076,1909f56bfc062723c751e8b465ee728b)  -> (artifact id: '6f344dd499ab2116eaff1fd00f52841f') in 0.025127 seconds 
========================================================================
Received Import Request.
  Time since last request: 0.000307 seconds.
  path: Assets/a classer/Cainos/Pixel Art Platformer - Village Props/Prefab/PF Village Props - Hay Fork.prefab
  artifactKey: Guid(3f221dff797bcc04f93920ab6fb086c5) Importer(815301076,1909f56bfc062723c751e8b465ee728b)
Start importing Assets/a classer/Cainos/Pixel Art Platformer - Village Props/Prefab/PF Village Props - Hay Fork.prefab using Guid(3f221dff797bcc04f93920ab6fb086c5) Importer(815301076,1909f56bfc062723c751e8b465ee728b)  -> (artifact id: 'df44ccd65c6e06ed77ececb499c80916') in 0.021969 seconds 
========================================================================
Received Import Request.
  Time since last request: 0.000310 seconds.
  path: Assets/a classer/Cainos/Pixel Art Platformer - Village Props/Prefab/PF Village Props - Platform R.prefab
  artifactKey: Guid(e3923ce12ac7289418d3157a9b65dfa6) Importer(815301076,1909f56bfc062723c751e8b465ee728b)
Start importing Assets/a classer/Cainos/Pixel Art Platformer - Village Props/Prefab/PF Village Props - Platform R.prefab using Guid(e3923ce12ac7289418d3157a9b65dfa6) Importer(815301076,1909f56bfc062723c751e8b465ee728b)  -> (artifact id: 'e0d66612987dc9d3c2131da45a6dd072') in 0.030352 seconds 
========================================================================
Received Import Request.
  Time since last request: 0.000323 seconds.
  path: Assets/a classer/Cainos/Pixel Art Platformer - Village Props/Prefab/PF Village Props - Sunflower C.prefab
  artifactKey: Guid(ab2f44b99adf358449c83b74c274b97b) Importer(815301076,1909f56bfc062723c751e8b465ee728b)
Start importing Assets/a classer/Cainos/Pixel Art Platformer - Village Props/Prefab/PF Village Props - Sunflower C.prefab using Guid(ab2f44b99adf358449c83b74c274b97b) Importer(815301076,1909f56bfc062723c751e8b465ee728b)  -> (artifact id: '576bb05446e5a7111ba18a4da3ea7953') in 0.018784 seconds 
========================================================================
Received Import Request.
  Time since last request: 0.000387 seconds.
  path: Assets/a classer/Cainos/Pixel Art Platformer - Village Props/Prefab/PF Village Props - Platform W.prefab
  artifactKey: Guid(88bfda9eeb201b349a508b0347d22590) Importer(815301076,1909f56bfc062723c751e8b465ee728b)
Start importing Assets/a classer/Cainos/Pixel Art Platformer - Village Props/Prefab/PF Village Props - Platform W.prefab using Guid(88bfda9eeb201b349a508b0347d22590) Importer(815301076,1909f56bfc062723c751e8b465ee728b)  -> (artifact id: '539c0d1bc5caa1d02d3a0c60a5bbb6bd') in 0.019446 seconds 
========================================================================
Received Import Request.
  Time since last request: 0.000306 seconds.
  path: Assets/a classer/Cainos/Pixel Art Platformer - Village Props/Prefab/PF Village Props - Torch.prefab
  artifactKey: Guid(c759bb922e42eda4eb6f7e6e4e2fbe63) Importer(815301076,1909f56bfc062723c751e8b465ee728b)
Start importing Assets/a classer/Cainos/Pixel Art Platformer - Village Props/Prefab/PF Village Props - Torch.prefab using Guid(c759bb922e42eda4eb6f7e6e4e2fbe63) Importer(815301076,1909f56bfc062723c751e8b465ee728b)  -> (artifact id: '68152863a3ac1fcef537eabb9da60f1a') in 0.022547 seconds 
========================================================================
Received Import Request.
  Time since last request: 0.000278 seconds.
  path: Assets/a classer/Cainos/Pixel Art Platformer - Village Props/Prefab/PF Village Props - Rock C.prefab
  artifactKey: Guid(2f54e7022d76f09478e2e1124e212cc5) Importer(815301076,1909f56bfc062723c751e8b465ee728b)
Start importing Assets/a classer/Cainos/Pixel Art Platformer - Village Props/Prefab/PF Village Props - Rock C.prefab using Guid(2f54e7022d76f09478e2e1124e212cc5) Importer(815301076,1909f56bfc062723c751e8b465ee728b)  -> (artifact id: 'cfb6046c3ecb97bd14f17166a7128316') in 0.016607 seconds 
========================================================================
Received Import Request.
  Time since last request: 0.000341 seconds.
  path: Assets/a classer/Cainos/Pixel Art Platformer - Village Props/Prefab/PF Village Props - Spear.prefab
  artifactKey: Guid(b5866d78fe6dce549a3dcd007f7eaca5) Importer(815301076,1909f56bfc062723c751e8b465ee728b)
Start importing Assets/a classer/Cainos/Pixel Art Platformer - Village Props/Prefab/PF Village Props - Spear.prefab using Guid(b5866d78fe6dce549a3dcd007f7eaca5) Importer(815301076,1909f56bfc062723c751e8b465ee728b)  -> (artifact id: '1b43fe8cc0a83f384e2bd8ab5e8696eb') in 0.017940 seconds 
========================================================================
Received Import Request.
  Time since last request: 0.000329 seconds.
  path: Assets/a classer/Cainos/Pixel Art Platformer - Village Props/Prefab/PF Village Props - Gravestone D.prefab
  artifactKey: Guid(5105ccaacad8d714b94dfb93084fa936) Importer(815301076,1909f56bfc062723c751e8b465ee728b)
Start importing Assets/a classer/Cainos/Pixel Art Platformer - Village Props/Prefab/PF Village Props - Gravestone D.prefab using Guid(5105ccaacad8d714b94dfb93084fa936) Importer(815301076,1909f56bfc062723c751e8b465ee728b)  -> (artifact id: 'aa6a5d2524e2bf707e0eb8795f37f9f6') in 0.024489 seconds 
========================================================================
Received Import Request.
  Time since last request: 0.000361 seconds.
  path: Assets/a classer/Cainos/Pixel Art Platformer - Village Props/Prefab/PF Village Props - Table.prefab
  artifactKey: Guid(b78702531cc991540bea14f3518027c2) Importer(815301076,1909f56bfc062723c751e8b465ee728b)
Start importing Assets/a classer/Cainos/Pixel Art Platformer - Village Props/Prefab/PF Village Props - Table.prefab using Guid(b78702531cc991540bea14f3518027c2) Importer(815301076,1909f56bfc062723c751e8b465ee728b)  -> (artifact id: '1ced1fe7148fcd59d12d7deea1b6c7a9') in 0.018676 seconds 
========================================================================
Received Import Request.
  Time since last request: 0.000348 seconds.
  path: Assets/a classer/Cainos/Pixel Art Platformer - Village Props/Prefab/PF Village Props - Platform L.prefab
  artifactKey: Guid(be45c7f16746c98428fc87d0d0f34226) Importer(815301076,1909f56bfc062723c751e8b465ee728b)
Start importing Assets/a classer/Cainos/Pixel Art Platformer - Village Props/Prefab/PF Village Props - Platform L.prefab using Guid(be45c7f16746c98428fc87d0d0f34226) Importer(815301076,1909f56bfc062723c751e8b465ee728b)  -> (artifact id: '741090d59b0a4d2c4d5ecd458742ce6d') in 0.030239 seconds 
========================================================================
Received Import Request.
  Time since last request: 0.000262 seconds.
  path: Assets/a classer/Cainos/Pixel Art Platformer - Village Props/Prefab/PF Village Props - Fire Bowl.prefab
  artifactKey: Guid(56e2a525e0fbd93419c9b313c362934d) Importer(815301076,1909f56bfc062723c751e8b465ee728b)
Start importing Assets/a classer/Cainos/Pixel Art Platformer - Village Props/Prefab/PF Village Props - Fire Bowl.prefab using Guid(56e2a525e0fbd93419c9b313c362934d) Importer(815301076,1909f56bfc062723c751e8b465ee728b)  -> (artifact id: '8684c59aba0bbb5b40650a73202afc9b') in 0.030605 seconds 
========================================================================
Received Import Request.
  Time since last request: 0.000584 seconds.
  path: Assets/a classer/Cainos/Pixel Art Platformer - Village Props/Prefab/PF Village Props - Tree A.prefab
  artifactKey: Guid(7903d081236f2304396572efb80b5f8f) Importer(815301076,1909f56bfc062723c751e8b465ee728b)
Start importing Assets/a classer/Cainos/Pixel Art Platformer - Village Props/Prefab/PF Village Props - Tree A.prefab using Guid(7903d081236f2304396572efb80b5f8f) Importer(815301076,1909f56bfc062723c751e8b465ee728b)  -> (artifact id: '31e9f029b38c6552f3bce7ab6af17c9e') in 0.024530 seconds 
========================================================================
Received Import Request.
  Time since last request: 0.000313 seconds.
  path: Assets/a classer/Cainos/Pixel Art Platformer - Village Props/Prefab/PF Village Props - Crate Large.prefab
  artifactKey: Guid(78538c3cab4610f4d914a10e71bdf46b) Importer(815301076,1909f56bfc062723c751e8b465ee728b)
Start importing Assets/a classer/Cainos/Pixel Art Platformer - Village Props/Prefab/PF Village Props - Crate Large.prefab using Guid(78538c3cab4610f4d914a10e71bdf46b) Importer(815301076,1909f56bfc062723c751e8b465ee728b)  -> (artifact id: '1e48e44af38a19f71727063a21547e54') in 0.034881 seconds 
========================================================================
Received Import Request.
  Time since last request: 0.000314 seconds.
  path: Assets/a classer/Cainos/Pixel Art Platformer - Village Props/Prefab/PF Village Props - Wheat A.prefab
  artifactKey: Guid(fc9968c4dc5d5264b89413cdfe5d303e) Importer(815301076,1909f56bfc062723c751e8b465ee728b)
Start importing Assets/a classer/Cainos/Pixel Art Platformer - Village Props/Prefab/PF Village Props - Wheat A.prefab using Guid(fc9968c4dc5d5264b89413cdfe5d303e) Importer(815301076,1909f56bfc062723c751e8b465ee728b)  -> (artifact id: '95c488c62f4f885135484afed544875e') in 0.033625 seconds 
========================================================================
Received Import Request.
  Time since last request: 0.000531 seconds.
  path: Assets/a classer/Cainos/Pixel Art Platformer - Village Props/Prefab/PF Village Props - Chest Wooden.prefab
  artifactKey: Guid(f98d0f39fcc67a34f844abd8a50f2c03) Importer(815301076,1909f56bfc062723c751e8b465ee728b)
Start importing Assets/a classer/Cainos/Pixel Art Platformer - Village Props/Prefab/PF Village Props - Chest Wooden.prefab using Guid(f98d0f39fcc67a34f844abd8a50f2c03) Importer(815301076,1909f56bfc062723c751e8b465ee728b)  -> (artifact id: '483824807f824e210e1421105148de1a') in 0.024383 seconds 
========================================================================
Received Import Request.
  Time since last request: 0.000222 seconds.
  path: Assets/a classer/Cainos/Pixel Art Platformer - Village Props/Prefab/PF Village Props - Bush C.prefab
  artifactKey: Guid(de570bfbf1a49ba4c9575930f7db6bae) Importer(815301076,1909f56bfc062723c751e8b465ee728b)
Start importing Assets/a classer/Cainos/Pixel Art Platformer - Village Props/Prefab/PF Village Props - Bush C.prefab using Guid(de570bfbf1a49ba4c9575930f7db6bae) Importer(815301076,1909f56bfc062723c751e8b465ee728b)  -> (artifact id: '4d4f8d59da079022ed98591a70edfe12') in 0.020802 seconds 
========================================================================
Received Import Request.
  Time since last request: 0.000326 seconds.
  path: Assets/a classer/Cainos/Pixel Art Platformer - Village Props/Prefab/PF Village Props - Sword.prefab
  artifactKey: Guid(b8fd7e9f16def9745b8b8b4c3928d52d) Importer(815301076,1909f56bfc062723c751e8b465ee728b)
Start importing Assets/a classer/Cainos/Pixel Art Platformer - Village Props/Prefab/PF Village Props - Sword.prefab using Guid(b8fd7e9f16def9745b8b8b4c3928d52d) Importer(815301076,1909f56bfc062723c751e8b465ee728b)  -> (artifact id: '17b13184c0e78b9ddd695b154fd9c93f') in 0.023653 seconds 
========================================================================
Received Import Request.
  Time since last request: 0.000360 seconds.
  path: Assets/a classer/Cainos/Pixel Art Platformer - Village Props/Prefab/PF Village Props - Stump.prefab
  artifactKey: Guid(64cddfc21e04a9c408921968b73a68ad) Importer(815301076,1909f56bfc062723c751e8b465ee728b)
Start importing Assets/a classer/Cainos/Pixel Art Platformer - Village Props/Prefab/PF Village Props - Stump.prefab using Guid(64cddfc21e04a9c408921968b73a68ad) Importer(815301076,1909f56bfc062723c751e8b465ee728b)  -> (artifact id: '826bd169502d506aca03414937daeb33') in 0.019855 seconds 
========================================================================
Received Import Request.
  Time since last request: 0.000321 seconds.
  path: Assets/a classer/Cainos/Pixel Art Platformer - Village Props/Prefab/PF Village Props - Spike Ball.prefab
  artifactKey: Guid(ac067d7d3bd8a1c4a9fb05099b5a4e06) Importer(815301076,1909f56bfc062723c751e8b465ee728b)
Start importing Assets/a classer/Cainos/Pixel Art Platformer - Village Props/Prefab/PF Village Props - Spike Ball.prefab using Guid(ac067d7d3bd8a1c4a9fb05099b5a4e06) Importer(815301076,1909f56bfc062723c751e8b465ee728b)  -> (artifact id: 'db80a8272405c2d61d1b73decc6faf9a') in 0.017730 seconds 
========================================================================
Received Import Request.
  Time since last request: 0.000289 seconds.
  path: Assets/a classer/Cainos/Pixel Art Platformer - Village Props/Prefab/PF Village Props - Sunflower A.prefab
  artifactKey: Guid(295bb10ead83a4d44b8a1398a7f16c99) Importer(815301076,1909f56bfc062723c751e8b465ee728b)
Start importing Assets/a classer/Cainos/Pixel Art Platformer - Village Props/Prefab/PF Village Props - Sunflower A.prefab using Guid(295bb10ead83a4d44b8a1398a7f16c99) Importer(815301076,1909f56bfc062723c751e8b465ee728b)  -> (artifact id: 'd1bd1a57ffd8c907774fdfa77ccd3976') in 0.019795 seconds 
========================================================================
Received Import Request.
  Time since last request: 0.000314 seconds.
  path: Assets/a classer/Cainos/Pixel Art Platformer - Village Props/Prefab/PF Village Props - Bread.prefab
  artifactKey: Guid(5b863081ef08aeb42abb2f87baf72b1e) Importer(815301076,1909f56bfc062723c751e8b465ee728b)
Start importing Assets/a classer/Cainos/Pixel Art Platformer - Village Props/Prefab/PF Village Props - Bread.prefab using Guid(5b863081ef08aeb42abb2f87baf72b1e) Importer(815301076,1909f56bfc062723c751e8b465ee728b)  -> (artifact id: 'b5b8013b9cb925bfe11105bdcafa6a05') in 0.019388 seconds 
========================================================================
Received Import Request.
  Time since last request: 0.000383 seconds.
  path: Assets/a classer/Cainos/Pixel Art Platformer - Village Props/Prefab/PF Village Props - Chest Golden.prefab
  artifactKey: Guid(cea950ff3b9b0804f967eaec919f19f7) Importer(815301076,1909f56bfc062723c751e8b465ee728b)
Start importing Assets/a classer/Cainos/Pixel Art Platformer - Village Props/Prefab/PF Village Props - Chest Golden.prefab using Guid(cea950ff3b9b0804f967eaec919f19f7) Importer(815301076,1909f56bfc062723c751e8b465ee728b)  -> (artifact id: '62cc11ef513b0303e48ed679cc4ba820') in 0.021222 seconds 
========================================================================
Received Import Request.
  Time since last request: 0.000308 seconds.
  path: Assets/a classer/Cainos/Pixel Art Platformer - Village Props/Prefab/PF Village Props - Barricade.prefab
  artifactKey: Guid(e0868e2099f22704cb8f4781f4dffe5f) Importer(815301076,1909f56bfc062723c751e8b465ee728b)
Start importing Assets/a classer/Cainos/Pixel Art Platformer - Village Props/Prefab/PF Village Props - Barricade.prefab using Guid(e0868e2099f22704cb8f4781f4dffe5f) Importer(815301076,1909f56bfc062723c751e8b465ee728b)  -> (artifact id: '5f641188e58b60e754600735d3f75b47') in 0.019740 seconds 
========================================================================
Received Import Request.
  Time since last request: 0.000247 seconds.
  path: Assets/a classer/Cainos/Pixel Art Platformer - Village Props/Prefab/PF Village Props - Fence B.prefab
  artifactKey: Guid(366bd147d3b568843ab9463d10b7fb98) Importer(815301076,1909f56bfc062723c751e8b465ee728b)
Start importing Assets/a classer/Cainos/Pixel Art Platformer - Village Props/Prefab/PF Village Props - Fence B.prefab using Guid(366bd147d3b568843ab9463d10b7fb98) Importer(815301076,1909f56bfc062723c751e8b465ee728b)  -> (artifact id: '59a887b6953b7613fd4352d9b1765eb5') in 0.018902 seconds 
========================================================================
Received Import Request.
  Time since last request: 0.000341 seconds.
  path: Assets/a classer/Cainos/Pixel Art Platformer - Village Props/Prefab/PF Village Props - Platform E.prefab
  artifactKey: Guid(4e2f5851c35ac714993e47e8bfd4da5e) Importer(815301076,1909f56bfc062723c751e8b465ee728b)
Start importing Assets/a classer/Cainos/Pixel Art Platformer - Village Props/Prefab/PF Village Props - Platform E.prefab using Guid(4e2f5851c35ac714993e47e8bfd4da5e) Importer(815301076,1909f56bfc062723c751e8b465ee728b)  -> (artifact id: 'c5d7d6ca24db704a0e6ed1e2e74e4985') in 0.018969 seconds 
========================================================================
Received Import Request.
  Time since last request: 0.000323 seconds.
  path: Assets/a classer/Cainos/Pixel Art Platformer - Village Props/Prefab/PF Village Props - Road Sign - B.prefab
  artifactKey: Guid(05d871b9365825b4ca356e1345739ee2) Importer(815301076,1909f56bfc062723c751e8b465ee728b)
Start importing Assets/a classer/Cainos/Pixel Art Platformer - Village Props/Prefab/PF Village Props - Road Sign - B.prefab using Guid(05d871b9365825b4ca356e1345739ee2) Importer(815301076,1909f56bfc062723c751e8b465ee728b)  -> (artifact id: '1d1ecd6d501d8e85698bb24da0ad8977') in 0.016706 seconds 
========================================================================
Received Import Request.
  Time since last request: 0.000435 seconds.
  path: Assets/a classer/Cainos/Pixel Art Platformer - Village Props/Prefab/PF Village Props - Well.prefab
  artifactKey: Guid(d39672cc18ccd9545840277c51264e6f) Importer(815301076,1909f56bfc062723c751e8b465ee728b)
Start importing Assets/a classer/Cainos/Pixel Art Platformer - Village Props/Prefab/PF Village Props - Well.prefab using Guid(d39672cc18ccd9545840277c51264e6f) Importer(815301076,1909f56bfc062723c751e8b465ee728b)  -> (artifact id: 'be796df007b18d86b367634ed70b0f1b') in 0.019384 seconds 
========================================================================
Received Import Request.
  Time since last request: 0.000301 seconds.
  path: Assets/a classer/Cainos/Pixel Art Platformer - Village Props/Prefab/PF Village Props - Pumpkin B.prefab
  artifactKey: Guid(c733f14e73fac4e4cbcdf3c827225214) Importer(815301076,1909f56bfc062723c751e8b465ee728b)
Start importing Assets/a classer/Cainos/Pixel Art Platformer - Village Props/Prefab/PF Village Props - Pumpkin B.prefab using Guid(c733f14e73fac4e4cbcdf3c827225214) Importer(815301076,1909f56bfc062723c751e8b465ee728b)  -> (artifact id: '94174eb3a441184220fa12a887a9cb71') in 0.021028 seconds 
========================================================================
Received Import Request.
  Time since last request: 0.000326 seconds.
  path: Assets/a classer/Cainos/Pixel Art Platformer - Village Props/Prefab/PF Village Props - Banner.prefab
  artifactKey: Guid(5fd9ed34f1f755643b41c4b41d7077e5) Importer(815301076,1909f56bfc062723c751e8b465ee728b)
Start importing Assets/a classer/Cainos/Pixel Art Platformer - Village Props/Prefab/PF Village Props - Banner.prefab using Guid(5fd9ed34f1f755643b41c4b41d7077e5) Importer(815301076,1909f56bfc062723c751e8b465ee728b)  -> (artifact id: '921cc04520fd8a0e92b6bec3d4c17d00') in 0.019612 seconds 
========================================================================
Received Import Request.
  Time since last request: 0.000353 seconds.
  path: Assets/a classer/Cainos/Pixel Art Platformer - Village Props/Prefab/PF Village Props - Cauldron.prefab
  artifactKey: Guid(838a9c74e6cba734faec44d9be3b765e) Importer(815301076,1909f56bfc062723c751e8b465ee728b)
Start importing Assets/a classer/Cainos/Pixel Art Platformer - Village Props/Prefab/PF Village Props - Cauldron.prefab using Guid(838a9c74e6cba734faec44d9be3b765e) Importer(815301076,1909f56bfc062723c751e8b465ee728b)  -> (artifact id: '0d5c876e523a8d3c59dffdc7d6ef737c') in 0.017558 seconds 
========================================================================
Received Import Request.
  Time since last request: 0.000368 seconds.
  path: Assets/a classer/Cainos/Pixel Art Platformer - Village Props/Prefab/PF Village Props - Ladder Side.prefab
  artifactKey: Guid(3373af298f123a849a61f9aefe9ec4c4) Importer(815301076,1909f56bfc062723c751e8b465ee728b)
Start importing Assets/a classer/Cainos/Pixel Art Platformer - Village Props/Prefab/PF Village Props - Ladder Side.prefab using Guid(3373af298f123a849a61f9aefe9ec4c4) Importer(815301076,1909f56bfc062723c751e8b465ee728b)  -> (artifact id: '0b89acef9b3f5d4ef836388d8e2c48d7') in 0.018753 seconds 
========================================================================
Received Import Request.
  Time since last request: 0.000323 seconds.
  path: Assets/a classer/Cainos/Pixel Art Platformer - Village Props/Prefab/PF Village Props - Chair.prefab
  artifactKey: Guid(bb67ae3035abce24aa87122c96acac22) Importer(815301076,1909f56bfc062723c751e8b465ee728b)
Start importing Assets/a classer/Cainos/Pixel Art Platformer - Village Props/Prefab/PF Village Props - Chair.prefab using Guid(bb67ae3035abce24aa87122c96acac22) Importer(815301076,1909f56bfc062723c751e8b465ee728b)  -> (artifact id: 'f5164de0a771684f6fe5a81912661390') in 0.020980 seconds 
========================================================================
Received Import Request.
  Time since last request: 0.000345 seconds.
  path: Assets/a classer/Cainos/Pixel Art Platformer - Village Props/Prefab/PF Village Props - Brick Wall.prefab
  artifactKey: Guid(d4071901789ed384389951219d1e0315) Importer(815301076,1909f56bfc062723c751e8b465ee728b)
Start importing Assets/a classer/Cainos/Pixel Art Platformer - Village Props/Prefab/PF Village Props - Brick Wall.prefab using Guid(d4071901789ed384389951219d1e0315) Importer(815301076,1909f56bfc062723c751e8b465ee728b)  -> (artifact id: '42e002529c7e0128a5b5bba0373c0760') in 0.019487 seconds 
========================================================================
Received Import Request.
  Time since last request: 0.000358 seconds.
  path: Assets/a classer/Cainos/Pixel Art Platformer - Village Props/Prefab/PF Village Props - Pot B.prefab
  artifactKey: Guid(282d10bd840f2244d993130a17f23515) Importer(815301076,1909f56bfc062723c751e8b465ee728b)
Start importing Assets/a classer/Cainos/Pixel Art Platformer - Village Props/Prefab/PF Village Props - Pot B.prefab using Guid(282d10bd840f2244d993130a17f23515) Importer(815301076,1909f56bfc062723c751e8b465ee728b)  -> (artifact id: '6946dc49a32cea8c93ff7112b0cf6e63') in 0.018638 seconds 
========================================================================
Received Import Request.
  Time since last request: 0.901941 seconds.
  path: Assets/a classer/Cainos/Pixel Art Platformer - Village Props/Prefab/PF Village Props - Wheat B.prefab
  artifactKey: Guid(c3b86686583e114479cc11b139a8a401) Importer(815301076,1909f56bfc062723c751e8b465ee728b)
Start importing Assets/a classer/Cainos/Pixel Art Platformer - Village Props/Prefab/PF Village Props - Wheat B.prefab using Guid(c3b86686583e114479cc11b139a8a401) Importer(815301076,1909f56bfc062723c751e8b465ee728b)  -> (artifact id: '3269d96296cd2411aa3b5c4caf143350') in 0.066687 seconds 
========================================================================
Received Import Request.
  Time since last request: 0.000559 seconds.
  path: Assets/a classer/Cainos/Pixel Art Platformer - Village Props/Prefab/PF Village Props - Wheat D.prefab
  artifactKey: Guid(e25962a23b0ae06459d988ce85f4476e) Importer(815301076,1909f56bfc062723c751e8b465ee728b)
Start importing Assets/a classer/Cainos/Pixel Art Platformer - Village Props/Prefab/PF Village Props - Wheat D.prefab using Guid(e25962a23b0ae06459d988ce85f4476e) Importer(815301076,1909f56bfc062723c751e8b465ee728b)  -> (artifact id: '6e5888e0a11538dd8dfad11123bff741') in 0.022618 seconds 
========================================================================
Received Import Request.
  Time since last request: 0.000331 seconds.
  path: Assets/a classer/Cainos/Pixel Art Platformer - Village Props/Prefab/PF Village Props - White Bottle.prefab
  artifactKey: Guid(af37d6137b6748f4dbfe059a86aad627) Importer(815301076,1909f56bfc062723c751e8b465ee728b)
Start importing Assets/a classer/Cainos/Pixel Art Platformer - Village Props/Prefab/PF Village Props - White Bottle.prefab using Guid(af37d6137b6748f4dbfe059a86aad627) Importer(815301076,1909f56bfc062723c751e8b465ee728b)  -> (artifact id: '62d3af5b8bcf0485fb0c51ee3b13ba09') in 0.016517 seconds 
========================================================================
Received Import Request.
  Time since last request: 0.000297 seconds.
  path: Assets/a classer/Cainos/Pixel Art Platformer - Village Props/Prefab/PF Village Props - Wine Bottle.prefab
  artifactKey: Guid(83d9652edf8102948abc7e6551b4db36) Importer(815301076,1909f56bfc062723c751e8b465ee728b)
Start importing Assets/a classer/Cainos/Pixel Art Platformer - Village Props/Prefab/PF Village Props - Wine Bottle.prefab using Guid(83d9652edf8102948abc7e6551b4db36) Importer(815301076,1909f56bfc062723c751e8b465ee728b)  -> (artifact id: '62eebe371779a04bcf655568bf0bdf48') in 0.016948 seconds 
========================================================================
Received Import Request.
  Time since last request: 0.000267 seconds.
  path: Assets/a classer/Cainos/Pixel Art Platformer - Village Props/Prefab/PF Village Props - Wood Logs.prefab
  artifactKey: Guid(d0bde9a42898be64ab7372c560194d8d) Importer(815301076,1909f56bfc062723c751e8b465ee728b)
Start importing Assets/a classer/Cainos/Pixel Art Platformer - Village Props/Prefab/PF Village Props - Wood Logs.prefab using Guid(d0bde9a42898be64ab7372c560194d8d) Importer(815301076,1909f56bfc062723c751e8b465ee728b)  -> (artifact id: '06c6d0f27d0b5c57305c097903691d2d') in 0.018366 seconds 
========================================================================
Received Import Request.
  Time since last request: 0.000265 seconds.
  path: Assets/a classer/Cainos/Pixel Art Platformer - Village Props/Prefab/PF Village Props - Wheat E.prefab
  artifactKey: Guid(0cde5280cb0df5240bf5cc2866248e08) Importer(815301076,1909f56bfc062723c751e8b465ee728b)
Start importing Assets/a classer/Cainos/Pixel Art Platformer - Village Props/Prefab/PF Village Props - Wheat E.prefab using Guid(0cde5280cb0df5240bf5cc2866248e08) Importer(815301076,1909f56bfc062723c751e8b465ee728b)  -> (artifact id: '15a0ac407201b68107e26c8fb0429000') in 0.017920 seconds 
========================================================================
Received Import Request.
  Time since last request: 0.000329 seconds.
  path: Assets/a classer/Cainos/Pixel Art Platformer - Village Props/Prefab/TX Village Props - Kettle.prefab
  artifactKey: Guid(5dad1464d7a3246408607532834aec13) Importer(815301076,1909f56bfc062723c751e8b465ee728b)
Start importing Assets/a classer/Cainos/Pixel Art Platformer - Village Props/Prefab/TX Village Props - Kettle.prefab using Guid(5dad1464d7a3246408607532834aec13) Importer(815301076,1909f56bfc062723c751e8b465ee728b)  -> (artifact id: '4a5c2191aa234bbf66e296ec88b130bb') in 0.016741 seconds 
========================================================================
Received Import Request.
  Time since last request: 0.000390 seconds.
  path: Assets/a classer/Cainos/Pixel Art Platformer - Village Props/Prefab/PF Village Props - Wheelbarrow.prefab
  artifactKey: Guid(4c09aa47d6e0e954f899cb8efe5a6816) Importer(815301076,1909f56bfc062723c751e8b465ee728b)
Start importing Assets/a classer/Cainos/Pixel Art Platformer - Village Props/Prefab/PF Village Props - Wheelbarrow.prefab using Guid(4c09aa47d6e0e954f899cb8efe5a6816) Importer(815301076,1909f56bfc062723c751e8b465ee728b)  -> (artifact id: '2324df289a0dd3230e6bca7cbb1a30f4') in 0.021579 seconds 
========================================================================
Received Import Request.
  Time since last request: 0.000336 seconds.
  path: Assets/a classer/Cainos/Pixel Art Platformer - Village Props/Prefab/PF Village Props - Wheat C.prefab
  artifactKey: Guid(924118ea6eca18f459f67d54f8640858) Importer(815301076,1909f56bfc062723c751e8b465ee728b)
Start importing Assets/a classer/Cainos/Pixel Art Platformer - Village Props/Prefab/PF Village Props - Wheat C.prefab using Guid(924118ea6eca18f459f67d54f8640858) Importer(815301076,1909f56bfc062723c751e8b465ee728b)  -> (artifact id: '63f92901811de1fd79063d5f08f1321f') in 0.017490 seconds 
========================================================================
Received Import Request.
  Time since last request: 12.763795 seconds.
  path: Assets/a classer/Cainos/Pixel Art Platformer - Village Props/Texture/TX Background Grid.png
  artifactKey: Guid(4525736a9d0538940bce8f13f1227b26) Importer(815301076,1909f56bfc062723c751e8b465ee728b)
Start importing Assets/a classer/Cainos/Pixel Art Platformer - Village Props/Texture/TX Background Grid.png using Guid(4525736a9d0538940bce8f13f1227b26) Importer(815301076,1909f56bfc062723c751e8b465ee728b)  -> (artifact id: 'af97b9d6b0f1a2bfac898bd316a38ddb') in 0.048392 seconds 
========================================================================
Received Import Request.
  Time since last request: 0.000414 seconds.
  path: Assets/a classer/Cainos/Pixel Art Platformer - Village Props/Texture/TX Village Props.png
  artifactKey: Guid(7810966f0f690954c87305933cabf2b0) Importer(815301076,1909f56bfc062723c751e8b465ee728b)
Start importing Assets/a classer/Cainos/Pixel Art Platformer - Village Props/Texture/TX Village Props.png using Guid(7810966f0f690954c87305933cabf2b0) Importer(815301076,1909f56bfc062723c751e8b465ee728b)  -> (artifact id: '5bfe801f68b8ea68e5565d3207dc9de0') in 0.652075 seconds 
========================================================================
Received Import Request.
  Time since last request: 0.000237 seconds.
  path: Assets/a classer/Cainos/Pixel Art Platformer - Village Props/Texture/TX Tileset Ground.png
  artifactKey: Guid(157cbc340d2b7e64ab85168e80e95550) Importer(815301076,1909f56bfc062723c751e8b465ee728b)
Start importing Assets/a classer/Cainos/Pixel Art Platformer - Village Props/Texture/TX Tileset Ground.png using Guid(157cbc340d2b7e64ab85168e80e95550) Importer(815301076,1909f56bfc062723c751e8b465ee728b)  -> (artifact id: '31d702af4c3ff6e7cfbfde4c9cd0153c') in 0.069284 seconds 
========================================================================
Received Import Request.
  Time since last request: 0.000298 seconds.
  path: Assets/a classer/Cainos/Pixel Art Platformer - Village Props/Texture/TX Chest Animation.png
  artifactKey: Guid(19e07f9d107e445408633f50457d456e) Importer(815301076,1909f56bfc062723c751e8b465ee728b)
Start importing Assets/a classer/Cainos/Pixel Art Platformer - Village Props/Texture/TX Chest Animation.png using Guid(19e07f9d107e445408633f50457d456e) Importer(815301076,1909f56bfc062723c751e8b465ee728b)  -> (artifact id: '6098b164f2b992bcc1b06f674c6b0aef') in 0.121243 seconds 
========================================================================
Received Import Request.
  Time since last request: 66.388581 seconds.
  path: Assets/a classer/Cainos/Pixel Art Platformer - Village Props/Texture/TX Tileset Ground.png
  artifactKey: Guid(157cbc340d2b7e64ab85168e80e95550) Importer(815301076,1909f56bfc062723c751e8b465ee728b)
Start importing Assets/a classer/Cainos/Pixel Art Platformer - Village Props/Texture/TX Tileset Ground.png using Guid(157cbc340d2b7e64ab85168e80e95550) Importer(815301076,1909f56bfc062723c751e8b465ee728b)  -> (artifact id: '009b4f0543f7f500dc30d928a5d25856') in 0.503208 seconds 
========================================================================
Received Import Request.
  Time since last request: 62.307719 seconds.
  path: Assets/Sprites/characters/chevaleir ninja/Jump.anim
  artifactKey: Guid(96f2b26d1f951654f80e9859fea4cd0a) Importer(815301076,1909f56bfc062723c751e8b465ee728b)
Start importing Assets/Sprites/characters/chevaleir ninja/Jump.anim using Guid(96f2b26d1f951654f80e9859fea4cd0a) Importer(815301076,1909f56bfc062723c751e8b465ee728b)  -> (artifact id: 'f94154f1a6b50fa2b634c17ca10748fb') in 0.006200 seconds 
========================================================================
Received Prepare
Registering precompiled user dll's ...
Registered in 0.006329 seconds.
Begin MonoManager ReloadAssembly
Native extension for WindowsStandalone target not found
Native extension for WebGL target not found
Refreshing native plugins compatible for Editor in 0.72 ms, found 3 plugins.
Preloading 0 native plugins for Editor in 0.00 ms.
Mono: successfully reloaded assembly
- Completed reload, in  1.728 seconds
Domain Reload Profiling:
	ReloadAssembly (1728ms)
		BeginReloadAssembly (194ms)
			ExecutionOrderSort (0ms)
			DisableScriptedObjects (8ms)
			BackupInstance (0ms)
			ReleaseScriptingObjects (1ms)
			CreateAndSetChildDomain (59ms)
		EndReloadAssembly (1356ms)
			LoadAssemblies (188ms)
			RebuildTransferFunctionScriptingTraits (0ms)
			SetupTypeCache (482ms)
			ReleaseScriptCaches (1ms)
			RebuildScriptCaches (71ms)
			SetupLoadedEditorAssemblies (474ms)
				LogAssemblyErrors (0ms)
				InitializePlatformSupportModulesInManaged (9ms)
				SetLoadedEditorAssemblies (1ms)
				RefreshPlugins (1ms)
				BeforeProcessingInitializeOnLoad (141ms)
				ProcessInitializeOnLoadAttributes (293ms)
				ProcessInitializeOnLoadMethodAttributes (17ms)
				AfterProcessingInitializeOnLoad (12ms)
				EditorAssembliesLoaded (0ms)
			ExecutionOrderSort2 (0ms)
			AwakeInstancesAfterBackupRestoration (13ms)
Platform modules already initialized, skipping
Refreshing native plugins compatible for Editor in 0.62 ms, found 3 plugins.
Preloading 0 native plugins for Editor in 0.00 ms.
Unloading 2192 Unused Serialized files (Serialized files now loaded: 0)
System memory in use before: 101.0 MB.
System memory in use after: 101.1 MB.

Unloading 21 unused Assets to reduce memory usage. Loaded Objects now: 2947.
Total: 3.997400 ms (FindLiveObjects: 0.236400 ms CreateObjectMapping: 0.106900 ms MarkObjects: 3.503700 ms  DeleteObjects: 0.149200 ms)

AssetImportParameters requested are different than current active one (requested -> active):
  custom:framework-win-MediaFoundation: 216162199b28c13a410421893ffa2e32 -> 
  custom:video-decoder-ogg-theora: a1e56fd34408186e4bbccfd4996cb3dc -> 
  custom:container-muxer-webm: aa71ff27fc2769a1b78a27578f13a17b -> 
  custom:container-demuxer-webm: 4f35f7cbe854078d1ac9338744f61a02 -> 
  custom:container-demuxer-ogg: 62fdf1f143b41e24485cea50d1cbac27 -> 
  custom:video-encoder-webm-vp8: eb34c28f22e8b96e1ab97ce403110664 -> 
  custom:video-decoder-webm-vp8: 9c59270c3fd7afecdb556c50c9e8de78 -> 
  custom:audio-decoder-ogg-vorbis: bf7c407c2cedff20999df2af8eb42d56 -> 
  custom:audio-encoder-webm-vorbis: bf7c407c2cedff20999df2af8eb42d56 -> 
========================================================================
Received Import Request.
  Time since last request: 65.648894 seconds.
  path: Assets/a classer/Cainos/Pixel Art Platformer - Village Props/Tileset Palette/TP Ground.prefab
  artifactKey: Guid(027db5ce1ff2f4142b49c3de3b59625a) Importer(815301076,1909f56bfc062723c751e8b465ee728b)
Start importing Assets/a classer/Cainos/Pixel Art Platformer - Village Props/Tileset Palette/TP Ground.prefab using Guid(027db5ce1ff2f4142b49c3de3b59625a) Importer(815301076,1909f56bfc062723c751e8b465ee728b)  -> (artifact id: '4e3e96adbbe44d72e9497b314b33da84') in 0.181069 seconds 
========================================================================
Received Import Request.
  Time since last request: 61.832685 seconds.
  path: Assets/a classer/Cainos/Pixel Art Platformer - Village Props/Texture/TX Tileset Ground.png
  artifactKey: Guid(157cbc340d2b7e64ab85168e80e95550) Importer(815301076,1909f56bfc062723c751e8b465ee728b)
Start importing Assets/a classer/Cainos/Pixel Art Platformer - Village Props/Texture/TX Tileset Ground.png using Guid(157cbc340d2b7e64ab85168e80e95550) Importer(815301076,1909f56bfc062723c751e8b465ee728b)  -> (artifact id: '4ba89c80fb361f9152857c52cfcde08f') in 0.730688 seconds 
========================================================================
Received Import Request.
  Time since last request: 172.491303 seconds.
  path: Assets/a classer/Cainos/Pixel Art Platformer - Village Props/Tileset Palette/TS1.prefab
  artifactKey: Guid(3aed1e2fe8b38664399cc2e0ff2d6b8c) Importer(815301076,1909f56bfc062723c751e8b465ee728b)
Start importing Assets/a classer/Cainos/Pixel Art Platformer - Village Props/Tileset Palette/TS1.prefab using Guid(3aed1e2fe8b38664399cc2e0ff2d6b8c) Importer(815301076,1909f56bfc062723c751e8b465ee728b)  -> (artifact id: '2391e58d029c8e3ac14699490f20955d') in 0.055139 seconds 
========================================================================
Received Import Request.
  Time since last request: 6.794071 seconds.
  path: Assets/a classer/Cainos/Pixel Art Platformer - Village Props/Tileset Palette/TP Ground
  artifactKey: Guid(0342b4881245d184c837b80b9af11220) Importer(815301076,1909f56bfc062723c751e8b465ee728b)
Start importing Assets/a classer/Cainos/Pixel Art Platformer - Village Props/Tileset Palette/TP Ground using Guid(0342b4881245d184c837b80b9af11220) Importer(815301076,1909f56bfc062723c751e8b465ee728b)  -> (artifact id: '1e638dfb776c97bb77d82201e1972cef') in 0.010163 seconds 
========================================================================
Received Prepare
Registering precompiled user dll's ...
Registered in 0.006342 seconds.
Begin MonoManager ReloadAssembly
Native extension for WindowsStandalone target not found
Native extension for WebGL target not found
Refreshing native plugins compatible for Editor in 0.72 ms, found 3 plugins.
Preloading 0 native plugins for Editor in 0.00 ms.
Mono: successfully reloaded assembly
- Completed reload, in  2.002 seconds
Domain Reload Profiling:
	ReloadAssembly (2002ms)
		BeginReloadAssembly (302ms)
			ExecutionOrderSort (0ms)
			DisableScriptedObjects (14ms)
			BackupInstance (0ms)
			ReleaseScriptingObjects (0ms)
			CreateAndSetChildDomain (99ms)
		EndReloadAssembly (1563ms)
			LoadAssemblies (256ms)
			RebuildTransferFunctionScriptingTraits (0ms)
			SetupTypeCache (612ms)
			ReleaseScriptCaches (2ms)
			RebuildScriptCaches (90ms)
			SetupLoadedEditorAssemblies (481ms)
				LogAssemblyErrors (0ms)
				InitializePlatformSupportModulesInManaged (10ms)
				SetLoadedEditorAssemblies (1ms)
				RefreshPlugins (1ms)
				BeforeProcessingInitializeOnLoad (143ms)
				ProcessInitializeOnLoadAttributes (302ms)
				ProcessInitializeOnLoadMethodAttributes (14ms)
				AfterProcessingInitializeOnLoad (10ms)
				EditorAssembliesLoaded (0ms)
			ExecutionOrderSort2 (0ms)
			AwakeInstancesAfterBackupRestoration (15ms)
Platform modules already initialized, skipping
Refreshing native plugins compatible for Editor in 0.94 ms, found 3 plugins.
Preloading 0 native plugins for Editor in 0.00 ms.
Unloading 2192 Unused Serialized files (Serialized files now loaded: 0)
System memory in use before: 101.1 MB.
System memory in use after: 101.2 MB.

Unloading 20 unused Assets to reduce memory usage. Loaded Objects now: 2950.
Total: 4.349800 ms (FindLiveObjects: 0.312600 ms CreateObjectMapping: 0.170100 ms MarkObjects: 3.729800 ms  DeleteObjects: 0.136500 ms)

AssetImportParameters requested are different than current active one (requested -> active):
  custom:framework-win-MediaFoundation: 216162199b28c13a410421893ffa2e32 -> 
  custom:video-decoder-ogg-theora: a1e56fd34408186e4bbccfd4996cb3dc -> 
  custom:container-muxer-webm: aa71ff27fc2769a1b78a27578f13a17b -> 
  custom:container-demuxer-webm: 4f35f7cbe854078d1ac9338744f61a02 -> 
  custom:container-demuxer-ogg: 62fdf1f143b41e24485cea50d1cbac27 -> 
  custom:video-encoder-webm-vp8: eb34c28f22e8b96e1ab97ce403110664 -> 
  custom:video-decoder-webm-vp8: 9c59270c3fd7afecdb556c50c9e8de78 -> 
  custom:audio-decoder-ogg-vorbis: bf7c407c2cedff20999df2af8eb42d56 -> 
  custom:audio-encoder-webm-vorbis: bf7c407c2cedff20999df2af8eb42d56 -> 
========================================================================
Received Import Request.
  Time since last request: 1060.754319 seconds.
  path: Assets/a classer/Cainos/Pixel Art Platformer - Village Props/Texture/TX Chest Animation.png
  artifactKey: Guid(19e07f9d107e445408633f50457d456e) Importer(815301076,1909f56bfc062723c751e8b465ee728b)
Start importing Assets/a classer/Cainos/Pixel Art Platformer - Village Props/Texture/TX Chest Animation.png using Guid(19e07f9d107e445408633f50457d456e) Importer(815301076,1909f56bfc062723c751e8b465ee728b)  -> (artifact id: 'aee6a2c0980510c5b893752312a1c765') in 0.210025 seconds 
========================================================================
Received Import Request.
  Time since last request: 15.235077 seconds.
  path: Assets/a classer/Cainos/Pixel Art Platformer - Village Props/Texture/TX Chest Animation.png
  artifactKey: Guid(19e07f9d107e445408633f50457d456e) Importer(815301076,1909f56bfc062723c751e8b465ee728b)
Start importing Assets/a classer/Cainos/Pixel Art Platformer - Village Props/Texture/TX Chest Animation.png using Guid(19e07f9d107e445408633f50457d456e) Importer(815301076,1909f56bfc062723c751e8b465ee728b)  -> (artifact id: '43a548985ff705e61059f1fe1746e39f') in 0.169738 seconds 
========================================================================
Received Import Request.
  Time since last request: 85.988344 seconds.
  path: Assets/a classer/Cainos/Pixel Art Platformer - Village Props/Texture/TX Chest Animation.png
  artifactKey: Guid(19e07f9d107e445408633f50457d456e) Importer(815301076,1909f56bfc062723c751e8b465ee728b)
Start importing Assets/a classer/Cainos/Pixel Art Platformer - Village Props/Texture/TX Chest Animation.png using Guid(19e07f9d107e445408633f50457d456e) Importer(815301076,1909f56bfc062723c751e8b465ee728b)  -> (artifact id: '06ca7d05373872cb4744c97438b4b09c') in 0.108511 seconds 
========================================================================
Received Import Request.
  Time since last request: 12.672089 seconds.
  path: Assets/a classer/Cainos/Pixel Art Platformer - Village Props/Texture/TX Chest Animation.png
  artifactKey: Guid(19e07f9d107e445408633f50457d456e) Importer(815301076,1909f56bfc062723c751e8b465ee728b)
Start importing Assets/a classer/Cainos/Pixel Art Platformer - Village Props/Texture/TX Chest Animation.png using Guid(19e07f9d107e445408633f50457d456e) Importer(815301076,1909f56bfc062723c751e8b465ee728b)  -> (artifact id: 'c416d97a27039de8f641fe0e8528404f') in 0.137163 seconds 
========================================================================
Received Import Request.
  Time since last request: 15.937991 seconds.
  path: Assets/a classer/Cainos/Pixel Art Platformer - Village Props/Texture/TX Chest Animation.png
  artifactKey: Guid(19e07f9d107e445408633f50457d456e) Importer(815301076,1909f56bfc062723c751e8b465ee728b)
Start importing Assets/a classer/Cainos/Pixel Art Platformer - Village Props/Texture/TX Chest Animation.png using Guid(19e07f9d107e445408633f50457d456e) Importer(815301076,1909f56bfc062723c751e8b465ee728b)  -> (artifact id: '7db8bb0ba8215ac4de6a1e895b6557e5') in 0.132187 seconds 
========================================================================
Received Import Request.
  Time since last request: 45.651486 seconds.
  path: Assets/a classer/Cainos/Pixel Art Platformer - Village Props/Texture/TX Chest Animation.png
  artifactKey: Guid(19e07f9d107e445408633f50457d456e) Importer(815301076,1909f56bfc062723c751e8b465ee728b)
Start importing Assets/a classer/Cainos/Pixel Art Platformer - Village Props/Texture/TX Chest Animation.png using Guid(19e07f9d107e445408633f50457d456e) Importer(815301076,1909f56bfc062723c751e8b465ee728b)  -> (artifact id: 'b58ed37263686b0a6637f1b9b3ec9e3e') in 0.159343 seconds 
========================================================================
Received Import Request.
  Time since last request: 40.280723 seconds.
  path: Assets/a classer/Cainos/Pixel Art Platformer - Village Props/Texture/TX Chest Animation.png
  artifactKey: Guid(19e07f9d107e445408633f50457d456e) Importer(815301076,1909f56bfc062723c751e8b465ee728b)
Start importing Assets/a classer/Cainos/Pixel Art Platformer - Village Props/Texture/TX Chest Animation.png using Guid(19e07f9d107e445408633f50457d456e) Importer(815301076,1909f56bfc062723c751e8b465ee728b)  -> (artifact id: '84475b1b92ee1759d1352a3eb15c6df9') in 0.118390 seconds 
========================================================================
Received Import Request.
  Time since last request: 5.825726 seconds.
  path: Assets/a classer/Cainos/Pixel Art Platformer - Village Props/Texture/TX Chest Animation.png
  artifactKey: Guid(19e07f9d107e445408633f50457d456e) Importer(815301076,1909f56bfc062723c751e8b465ee728b)
Start importing Assets/a classer/Cainos/Pixel Art Platformer - Village Props/Texture/TX Chest Animation.png using Guid(19e07f9d107e445408633f50457d456e) Importer(815301076,1909f56bfc062723c751e8b465ee728b)  -> (artifact id: '6ff140823c95bd5ed660fd8250d6617b') in 0.139467 seconds 
AssetImportWorkerClient::OnTransportError - code=2 error=End of file
